The system is: Linux - 6.8.0-47-generic - x86_64
Compiling the C compiler identification source file "CMakeCCompilerId.c" succeeded.
Compiler: /home/niu/work/lib/gcc-linaro-6.5.0-2018.12-x86_64_aarch64-linux-gnu/bin/aarch64-linux-gnu-gcc 
Build flags: 
Id flags:  

The output was:
0


Compilation of the C compiler identification source "CMakeCCompilerId.c" produced "a.out"

The C compiler identification is GNU, found in "/home/niu/work/code/mqtt/src/build_aarch64/CMakeFiles/3.22.1/CompilerIdC/a.out"

Compiling the CXX compiler identification source file "CMakeCXXCompilerId.cpp" succeeded.
Compiler: /home/niu/work/lib/gcc-linaro-6.5.0-2018.12-x86_64_aarch64-linux-gnu/bin/aarch64-linux-gnu-g++ 
Build flags: 
Id flags:  

The output was:
0


Compilation of the CXX compiler identification source "CMakeCXXCompilerId.cpp" produced "a.out"

The CXX compiler identification is GNU, found in "/home/niu/work/code/mqtt/src/build_aarch64/CMakeFiles/3.22.1/CompilerIdCXX/a.out"

Detecting C compiler ABI info compiled with the following output:
Change Dir: /home/niu/work/code/mqtt/src/build_aarch64/CMakeFiles/CMakeTmp

Run Build Command(s):/usr/bin/gmake -f Makefile cmTC_5dbf0/fast && /usr/bin/gmake  -f CMakeFiles/cmTC_5dbf0.dir/build.make CMakeFiles/cmTC_5dbf0.dir/build
gmake[1]: Entering directory '/home/niu/work/code/mqtt/src/build_aarch64/CMakeFiles/CMakeTmp'
Building C object CMakeFiles/cmTC_5dbf0.dir/CMakeCCompilerABI.c.o
/home/niu/work/lib/gcc-linaro-6.5.0-2018.12-x86_64_aarch64-linux-gnu/bin/aarch64-linux-gnu-gcc   -v -o CMakeFiles/cmTC_5dbf0.dir/CMakeCCompilerABI.c.o -c /usr/share/cmake-3.22/Modules/CMakeCCompilerABI.c
Using built-in specs.
COLLECT_GCC=/home/niu/work/lib/gcc-linaro-6.5.0-2018.12-x86_64_aarch64-linux-gnu/bin/aarch64-linux-gnu-gcc
Target: aarch64-linux-gnu
Configured with: '/home/tcwg-buildslave/workspace/tcwg-make-release_1/snapshots/gcc.git~linaro-6.5-2018.12/configure' SHELL=/bin/bash --with-mpc=/home/tcwg-buildslave/workspace/tcwg-make-release_1/_build/builds/destdir/x86_64-unknown-linux-gnu --with-mpfr=/home/tcwg-buildslave/workspace/tcwg-make-release_1/_build/builds/destdir/x86_64-unknown-linux-gnu --with-gmp=/home/tcwg-buildslave/workspace/tcwg-make-release_1/_build/builds/destdir/x86_64-unknown-linux-gnu --with-gnu-as --with-gnu-ld --disable-libmudflap --enable-lto --enable-shared --without-included-gettext --enable-nls --with-system-zlib --disable-sjlj-exceptions --enable-gnu-unique-object --enable-linker-build-id --disable-libstdcxx-pch --enable-c99 --enable-clocale=gnu --enable-libstdcxx-debug --enable-long-long --with-cloog=no --with-ppl=no --with-isl=no --disable-multilib --enable-fix-cortex-a53-835769 --enable-fix-cortex-a53-843419 --with-arch=armv8-a --enable-threads=posix --enable-multiarch --enable-libstdcxx-time=yes --enable-gnu-indirect-function --with-build-sysroot=/home/tcwg-buildslave/workspace/tcwg-make-release_1/_build/sysroots/aarch64-linux-gnu --with-sysroot=/home/tcwg-buildslave/workspace/tcwg-make-release_1/_build/builds/destdir/x86_64-unknown-linux-gnu/aarch64-linux-gnu/libc --enable-checking=release --disable-bootstrap --enable-languages=c,c++,fortran,lto --build=x86_64-unknown-linux-gnu --host=x86_64-unknown-linux-gnu --target=aarch64-linux-gnu --prefix=/home/tcwg-buildslave/workspace/tcwg-make-release_1/_build/builds/destdir/x86_64-unknown-linux-gnu
Thread model: posix
gcc version 6.5.0 (Linaro GCC 6.5-2018.12) 
COLLECT_GCC_OPTIONS='-v' '-o' 'CMakeFiles/cmTC_5dbf0.dir/CMakeCCompilerABI.c.o' '-c' '-march=armv8-a' '-mlittle-endian' '-mabi=lp64'
 /home/niu/work/lib/gcc-linaro-6.5.0-2018.12-x86_64_aarch64-linux-gnu/bin/../libexec/gcc/aarch64-linux-gnu/6.5.0/cc1 -quiet -v -imultiarch aarch64-linux-gnu -iprefix /home/niu/work/lib/gcc-linaro-6.5.0-2018.12-x86_64_aarch64-linux-gnu/bin/../lib/gcc/aarch64-linux-gnu/6.5.0/ -isysroot /home/niu/work/lib/gcc-linaro-6.5.0-2018.12-x86_64_aarch64-linux-gnu/bin/../aarch64-linux-gnu/libc /usr/share/cmake-3.22/Modules/CMakeCCompilerABI.c -quiet -dumpbase CMakeCCompilerABI.c -march=armv8-a -mlittle-endian -mabi=lp64 -auxbase-strip CMakeFiles/cmTC_5dbf0.dir/CMakeCCompilerABI.c.o -version -o /tmp/ccAiLlGc.s
GNU C11 (Linaro GCC 6.5-2018.12) version 6.5.0 (aarch64-linux-gnu)
	compiled by GNU C version 4.8.4, GMP version 6.1.0, MPFR version 3.1.4, MPC version 1.0.3, isl version none
GGC heuristics: --param ggc-min-expand=100 --param ggc-min-heapsize=131072
ignoring duplicate directory "/home/niu/work/lib/gcc-linaro-6.5.0-2018.12-x86_64_aarch64-linux-gnu/bin/../lib/gcc/../../lib/gcc/aarch64-linux-gnu/6.5.0/include"
ignoring nonexistent directory "/home/niu/work/lib/gcc-linaro-6.5.0-2018.12-x86_64_aarch64-linux-gnu/bin/../aarch64-linux-gnu/libc/usr/local/include/aarch64-linux-gnu"
ignoring nonexistent directory "/home/niu/work/lib/gcc-linaro-6.5.0-2018.12-x86_64_aarch64-linux-gnu/bin/../aarch64-linux-gnu/libc/usr/local/include"
ignoring duplicate directory "/home/niu/work/lib/gcc-linaro-6.5.0-2018.12-x86_64_aarch64-linux-gnu/bin/../lib/gcc/../../lib/gcc/aarch64-linux-gnu/6.5.0/include-fixed"
ignoring duplicate directory "/home/niu/work/lib/gcc-linaro-6.5.0-2018.12-x86_64_aarch64-linux-gnu/bin/../lib/gcc/../../lib/gcc/aarch64-linux-gnu/6.5.0/../../../../aarch64-linux-gnu/include"
ignoring nonexistent directory "/home/niu/work/lib/gcc-linaro-6.5.0-2018.12-x86_64_aarch64-linux-gnu/bin/../aarch64-linux-gnu/libc/usr/include/aarch64-linux-gnu"
#include "..." search starts here:
#include <...> search starts here:
 /home/niu/work/lib/gcc-linaro-6.5.0-2018.12-x86_64_aarch64-linux-gnu/bin/../lib/gcc/aarch64-linux-gnu/6.5.0/include
 /home/niu/work/lib/gcc-linaro-6.5.0-2018.12-x86_64_aarch64-linux-gnu/bin/../lib/gcc/aarch64-linux-gnu/6.5.0/include-fixed
 /home/niu/work/lib/gcc-linaro-6.5.0-2018.12-x86_64_aarch64-linux-gnu/bin/../lib/gcc/aarch64-linux-gnu/6.5.0/../../../../aarch64-linux-gnu/include
 /home/niu/work/lib/gcc-linaro-6.5.0-2018.12-x86_64_aarch64-linux-gnu/bin/../aarch64-linux-gnu/libc/usr/include
End of search list.
GNU C11 (Linaro GCC 6.5-2018.12) version 6.5.0 (aarch64-linux-gnu)
	compiled by GNU C version 4.8.4, GMP version 6.1.0, MPFR version 3.1.4, MPC version 1.0.3, isl version none
GGC heuristics: --param ggc-min-expand=100 --param ggc-min-heapsize=131072
Compiler executable checksum: 1d507b21d0e1c773c502ffae6623df76
COLLECT_GCC_OPTIONS='-v' '-o' 'CMakeFiles/cmTC_5dbf0.dir/CMakeCCompilerABI.c.o' '-c' '-march=armv8-a' '-mlittle-endian' '-mabi=lp64'
 /home/niu/work/lib/gcc-linaro-6.5.0-2018.12-x86_64_aarch64-linux-gnu/bin/../lib/gcc/aarch64-linux-gnu/6.5.0/../../../../aarch64-linux-gnu/bin/as -v -EL -march=armv8-a -mabi=lp64 -o CMakeFiles/cmTC_5dbf0.dir/CMakeCCompilerABI.c.o /tmp/ccAiLlGc.s
GNU assembler version 2.27.0 (aarch64-linux-gnu) using BFD version (Linaro_Binutils-2018.12) 2.27.0.20161229
COMPILER_PATH=/home/niu/work/lib/gcc-linaro-6.5.0-2018.12-x86_64_aarch64-linux-gnu/bin/../libexec/gcc/aarch64-linux-gnu/6.5.0/:/home/niu/work/lib/gcc-linaro-6.5.0-2018.12-x86_64_aarch64-linux-gnu/bin/../libexec/gcc/aarch64-linux-gnu/:/home/niu/work/lib/gcc-linaro-6.5.0-2018.12-x86_64_aarch64-linux-gnu/bin/../libexec/gcc/:/home/niu/work/lib/gcc-linaro-6.5.0-2018.12-x86_64_aarch64-linux-gnu/bin/../lib/gcc/aarch64-linux-gnu/6.5.0/../../../../aarch64-linux-gnu/bin/
LIBRARY_PATH=/home/niu/work/lib/gcc-linaro-6.5.0-2018.12-x86_64_aarch64-linux-gnu/bin/../lib/gcc/aarch64-linux-gnu/6.5.0/:/home/niu/work/lib/gcc-linaro-6.5.0-2018.12-x86_64_aarch64-linux-gnu/bin/../lib/gcc/aarch64-linux-gnu/:/home/niu/work/lib/gcc-linaro-6.5.0-2018.12-x86_64_aarch64-linux-gnu/bin/../lib/gcc/:/home/niu/work/lib/gcc-linaro-6.5.0-2018.12-x86_64_aarch64-linux-gnu/bin/../lib/gcc/aarch64-linux-gnu/6.5.0/../../../../aarch64-linux-gnu/lib/../lib64/:/home/niu/work/lib/gcc-linaro-6.5.0-2018.12-x86_64_aarch64-linux-gnu/bin/../lib/gcc/aarch64-linux-gnu/6.5.0/../../../../aarch64-linux-gnu/lib/:/home/niu/work/lib/gcc-linaro-6.5.0-2018.12-x86_64_aarch64-linux-gnu/bin/../aarch64-linux-gnu/libc/lib/:/home/niu/work/lib/gcc-linaro-6.5.0-2018.12-x86_64_aarch64-linux-gnu/bin/../aarch64-linux-gnu/libc/usr/lib/
COLLECT_GCC_OPTIONS='-v' '-o' 'CMakeFiles/cmTC_5dbf0.dir/CMakeCCompilerABI.c.o' '-c' '-march=armv8-a' '-mlittle-endian' '-mabi=lp64'
Linking C executable cmTC_5dbf0
/usr/bin/cmake -E cmake_link_script CMakeFiles/cmTC_5dbf0.dir/link.txt --verbose=1
/home/niu/work/lib/gcc-linaro-6.5.0-2018.12-x86_64_aarch64-linux-gnu/bin/aarch64-linux-gnu-gcc  -v -rdynamic CMakeFiles/cmTC_5dbf0.dir/CMakeCCompilerABI.c.o -o cmTC_5dbf0 
Using built-in specs.
COLLECT_GCC=/home/niu/work/lib/gcc-linaro-6.5.0-2018.12-x86_64_aarch64-linux-gnu/bin/aarch64-linux-gnu-gcc
COLLECT_LTO_WRAPPER=/home/niu/work/lib/gcc-linaro-6.5.0-2018.12-x86_64_aarch64-linux-gnu/bin/../libexec/gcc/aarch64-linux-gnu/6.5.0/lto-wrapper
Target: aarch64-linux-gnu
Configured with: '/home/tcwg-buildslave/workspace/tcwg-make-release_1/snapshots/gcc.git~linaro-6.5-2018.12/configure' SHELL=/bin/bash --with-mpc=/home/tcwg-buildslave/workspace/tcwg-make-release_1/_build/builds/destdir/x86_64-unknown-linux-gnu --with-mpfr=/home/tcwg-buildslave/workspace/tcwg-make-release_1/_build/builds/destdir/x86_64-unknown-linux-gnu --with-gmp=/home/tcwg-buildslave/workspace/tcwg-make-release_1/_build/builds/destdir/x86_64-unknown-linux-gnu --with-gnu-as --with-gnu-ld --disable-libmudflap --enable-lto --enable-shared --without-included-gettext --enable-nls --with-system-zlib --disable-sjlj-exceptions --enable-gnu-unique-object --enable-linker-build-id --disable-libstdcxx-pch --enable-c99 --enable-clocale=gnu --enable-libstdcxx-debug --enable-long-long --with-cloog=no --with-ppl=no --with-isl=no --disable-multilib --enable-fix-cortex-a53-835769 --enable-fix-cortex-a53-843419 --with-arch=armv8-a --enable-threads=posix --enable-multiarch --enable-libstdcxx-time=yes --enable-gnu-indirect-function --with-build-sysroot=/home/tcwg-buildslave/workspace/tcwg-make-release_1/_build/sysroots/aarch64-linux-gnu --with-sysroot=/home/tcwg-buildslave/workspace/tcwg-make-release_1/_build/builds/destdir/x86_64-unknown-linux-gnu/aarch64-linux-gnu/libc --enable-checking=release --disable-bootstrap --enable-languages=c,c++,fortran,lto --build=x86_64-unknown-linux-gnu --host=x86_64-unknown-linux-gnu --target=aarch64-linux-gnu --prefix=/home/tcwg-buildslave/workspace/tcwg-make-release_1/_build/builds/destdir/x86_64-unknown-linux-gnu
Thread model: posix
gcc version 6.5.0 (Linaro GCC 6.5-2018.12) 
COMPILER_PATH=/home/niu/work/lib/gcc-linaro-6.5.0-2018.12-x86_64_aarch64-linux-gnu/bin/../libexec/gcc/aarch64-linux-gnu/6.5.0/:/home/niu/work/lib/gcc-linaro-6.5.0-2018.12-x86_64_aarch64-linux-gnu/bin/../libexec/gcc/aarch64-linux-gnu/:/home/niu/work/lib/gcc-linaro-6.5.0-2018.12-x86_64_aarch64-linux-gnu/bin/../libexec/gcc/:/home/niu/work/lib/gcc-linaro-6.5.0-2018.12-x86_64_aarch64-linux-gnu/bin/../lib/gcc/aarch64-linux-gnu/6.5.0/../../../../aarch64-linux-gnu/bin/
LIBRARY_PATH=/home/niu/work/lib/gcc-linaro-6.5.0-2018.12-x86_64_aarch64-linux-gnu/bin/../lib/gcc/aarch64-linux-gnu/6.5.0/:/home/niu/work/lib/gcc-linaro-6.5.0-2018.12-x86_64_aarch64-linux-gnu/bin/../lib/gcc/aarch64-linux-gnu/:/home/niu/work/lib/gcc-linaro-6.5.0-2018.12-x86_64_aarch64-linux-gnu/bin/../lib/gcc/:/home/niu/work/lib/gcc-linaro-6.5.0-2018.12-x86_64_aarch64-linux-gnu/bin/../lib/gcc/aarch64-linux-gnu/6.5.0/../../../../aarch64-linux-gnu/lib/../lib64/:/home/niu/work/lib/gcc-linaro-6.5.0-2018.12-x86_64_aarch64-linux-gnu/bin/../lib/gcc/aarch64-linux-gnu/6.5.0/../../../../aarch64-linux-gnu/lib/:/home/niu/work/lib/gcc-linaro-6.5.0-2018.12-x86_64_aarch64-linux-gnu/bin/../aarch64-linux-gnu/libc/lib/:/home/niu/work/lib/gcc-linaro-6.5.0-2018.12-x86_64_aarch64-linux-gnu/bin/../aarch64-linux-gnu/libc/usr/lib/
COLLECT_GCC_OPTIONS='-v' '-rdynamic' '-o' 'cmTC_5dbf0' '-march=armv8-a' '-mlittle-endian' '-mabi=lp64'
 /home/niu/work/lib/gcc-linaro-6.5.0-2018.12-x86_64_aarch64-linux-gnu/bin/../libexec/gcc/aarch64-linux-gnu/6.5.0/collect2 -plugin /home/niu/work/lib/gcc-linaro-6.5.0-2018.12-x86_64_aarch64-linux-gnu/bin/../libexec/gcc/aarch64-linux-gnu/6.5.0/liblto_plugin.so -plugin-opt=/home/niu/work/lib/gcc-linaro-6.5.0-2018.12-x86_64_aarch64-linux-gnu/bin/../libexec/gcc/aarch64-linux-gnu/6.5.0/lto-wrapper -plugin-opt=-fresolution=/tmp/ccFxzwRf.res -plugin-opt=-pass-through=-lgcc -plugin-opt=-pass-through=-lgcc_s -plugin-opt=-pass-through=-lc -plugin-opt=-pass-through=-lgcc -plugin-opt=-pass-through=-lgcc_s --sysroot=/home/niu/work/lib/gcc-linaro-6.5.0-2018.12-x86_64_aarch64-linux-gnu/bin/../aarch64-linux-gnu/libc --build-id --eh-frame-hdr -export-dynamic -dynamic-linker /lib/ld-linux-aarch64.so.1 -X -EL -maarch64linux --fix-cortex-a53-835769 --fix-cortex-a53-843419 -o cmTC_5dbf0 /home/niu/work/lib/gcc-linaro-6.5.0-2018.12-x86_64_aarch64-linux-gnu/bin/../aarch64-linux-gnu/libc/usr/lib/crt1.o /home/niu/work/lib/gcc-linaro-6.5.0-2018.12-x86_64_aarch64-linux-gnu/bin/../aarch64-linux-gnu/libc/usr/lib/crti.o /home/niu/work/lib/gcc-linaro-6.5.0-2018.12-x86_64_aarch64-linux-gnu/bin/../lib/gcc/aarch64-linux-gnu/6.5.0/crtbegin.o -L/home/niu/work/lib/gcc-linaro-6.5.0-2018.12-x86_64_aarch64-linux-gnu/bin/../lib/gcc/aarch64-linux-gnu/6.5.0 -L/home/niu/work/lib/gcc-linaro-6.5.0-2018.12-x86_64_aarch64-linux-gnu/bin/../lib/gcc/aarch64-linux-gnu -L/home/niu/work/lib/gcc-linaro-6.5.0-2018.12-x86_64_aarch64-linux-gnu/bin/../lib/gcc -L/home/niu/work/lib/gcc-linaro-6.5.0-2018.12-x86_64_aarch64-linux-gnu/bin/../lib/gcc/aarch64-linux-gnu/6.5.0/../../../../aarch64-linux-gnu/lib/../lib64 -L/home/niu/work/lib/gcc-linaro-6.5.0-2018.12-x86_64_aarch64-linux-gnu/bin/../lib/gcc/aarch64-linux-gnu/6.5.0/../../../../aarch64-linux-gnu/lib -L/home/niu/work/lib/gcc-linaro-6.5.0-2018.12-x86_64_aarch64-linux-gnu/bin/../aarch64-linux-gnu/libc/lib -L/home/niu/work/lib/gcc-linaro-6.5.0-2018.12-x86_64_aarch64-linux-gnu/bin/../aarch64-linux-gnu/libc/usr/lib CMakeFiles/cmTC_5dbf0.dir/CMakeCCompilerABI.c.o -lgcc --as-needed -lgcc_s --no-as-needed -lc -lgcc --as-needed -lgcc_s --no-as-needed /home/niu/work/lib/gcc-linaro-6.5.0-2018.12-x86_64_aarch64-linux-gnu/bin/../lib/gcc/aarch64-linux-gnu/6.5.0/crtend.o /home/niu/work/lib/gcc-linaro-6.5.0-2018.12-x86_64_aarch64-linux-gnu/bin/../aarch64-linux-gnu/libc/usr/lib/crtn.o
COLLECT_GCC_OPTIONS='-v' '-rdynamic' '-o' 'cmTC_5dbf0' '-march=armv8-a' '-mlittle-endian' '-mabi=lp64'
gmake[1]: Leaving directory '/home/niu/work/code/mqtt/src/build_aarch64/CMakeFiles/CMakeTmp'



Parsed C implicit include dir info from above output: rv=done
  found start of include info
  found start of implicit include info
    add: [/home/niu/work/lib/gcc-linaro-6.5.0-2018.12-x86_64_aarch64-linux-gnu/bin/../lib/gcc/aarch64-linux-gnu/6.5.0/include]
    add: [/home/niu/work/lib/gcc-linaro-6.5.0-2018.12-x86_64_aarch64-linux-gnu/bin/../lib/gcc/aarch64-linux-gnu/6.5.0/include-fixed]
    add: [/home/niu/work/lib/gcc-linaro-6.5.0-2018.12-x86_64_aarch64-linux-gnu/bin/../lib/gcc/aarch64-linux-gnu/6.5.0/../../../../aarch64-linux-gnu/include]
    add: [/home/niu/work/lib/gcc-linaro-6.5.0-2018.12-x86_64_aarch64-linux-gnu/bin/../aarch64-linux-gnu/libc/usr/include]
  end of search list found
  collapse include dir [/home/niu/work/lib/gcc-linaro-6.5.0-2018.12-x86_64_aarch64-linux-gnu/bin/../lib/gcc/aarch64-linux-gnu/6.5.0/include] ==> [/home/niu/work/lib/gcc-linaro-6.5.0-2018.12-x86_64_aarch64-linux-gnu/lib/gcc/aarch64-linux-gnu/6.5.0/include]
  collapse include dir [/home/niu/work/lib/gcc-linaro-6.5.0-2018.12-x86_64_aarch64-linux-gnu/bin/../lib/gcc/aarch64-linux-gnu/6.5.0/include-fixed] ==> [/home/niu/work/lib/gcc-linaro-6.5.0-2018.12-x86_64_aarch64-linux-gnu/lib/gcc/aarch64-linux-gnu/6.5.0/include-fixed]
  collapse include dir [/home/niu/work/lib/gcc-linaro-6.5.0-2018.12-x86_64_aarch64-linux-gnu/bin/../lib/gcc/aarch64-linux-gnu/6.5.0/../../../../aarch64-linux-gnu/include] ==> [/home/niu/work/lib/gcc-linaro-6.5.0-2018.12-x86_64_aarch64-linux-gnu/aarch64-linux-gnu/include]
  collapse include dir [/home/niu/work/lib/gcc-linaro-6.5.0-2018.12-x86_64_aarch64-linux-gnu/bin/../aarch64-linux-gnu/libc/usr/include] ==> [/home/niu/work/lib/gcc-linaro-6.5.0-2018.12-x86_64_aarch64-linux-gnu/aarch64-linux-gnu/libc/usr/include]
  implicit include dirs: [/home/niu/work/lib/gcc-linaro-6.5.0-2018.12-x86_64_aarch64-linux-gnu/lib/gcc/aarch64-linux-gnu/6.5.0/include;/home/niu/work/lib/gcc-linaro-6.5.0-2018.12-x86_64_aarch64-linux-gnu/lib/gcc/aarch64-linux-gnu/6.5.0/include-fixed;/home/niu/work/lib/gcc-linaro-6.5.0-2018.12-x86_64_aarch64-linux-gnu/aarch64-linux-gnu/include;/home/niu/work/lib/gcc-linaro-6.5.0-2018.12-x86_64_aarch64-linux-gnu/aarch64-linux-gnu/libc/usr/include]


Parsed C implicit link information from above output:
  link line regex: [^( *|.*[/\])(aarch64-linux-gnu-ld|CMAKE_LINK_STARTFILE-NOTFOUND|([^/\]+-)?ld|collect2)[^/\]*( |$)]
  ignore line: [Change Dir: /home/niu/work/code/mqtt/src/build_aarch64/CMakeFiles/CMakeTmp]
  ignore line: []
  ignore line: [Run Build Command(s):/usr/bin/gmake -f Makefile cmTC_5dbf0/fast && /usr/bin/gmake  -f CMakeFiles/cmTC_5dbf0.dir/build.make CMakeFiles/cmTC_5dbf0.dir/build]
  ignore line: [gmake[1]: Entering directory '/home/niu/work/code/mqtt/src/build_aarch64/CMakeFiles/CMakeTmp']
  ignore line: [Building C object CMakeFiles/cmTC_5dbf0.dir/CMakeCCompilerABI.c.o]
  ignore line: [/home/niu/work/lib/gcc-linaro-6.5.0-2018.12-x86_64_aarch64-linux-gnu/bin/aarch64-linux-gnu-gcc   -v -o CMakeFiles/cmTC_5dbf0.dir/CMakeCCompilerABI.c.o -c /usr/share/cmake-3.22/Modules/CMakeCCompilerABI.c]
  ignore line: [Using built-in specs.]
  ignore line: [COLLECT_GCC=/home/niu/work/lib/gcc-linaro-6.5.0-2018.12-x86_64_aarch64-linux-gnu/bin/aarch64-linux-gnu-gcc]
  ignore line: [Target: aarch64-linux-gnu]
  ignore line: [Configured with: '/home/tcwg-buildslave/workspace/tcwg-make-release_1/snapshots/gcc.git~linaro-6.5-2018.12/configure' SHELL=/bin/bash --with-mpc=/home/tcwg-buildslave/workspace/tcwg-make-release_1/_build/builds/destdir/x86_64-unknown-linux-gnu --with-mpfr=/home/tcwg-buildslave/workspace/tcwg-make-release_1/_build/builds/destdir/x86_64-unknown-linux-gnu --with-gmp=/home/tcwg-buildslave/workspace/tcwg-make-release_1/_build/builds/destdir/x86_64-unknown-linux-gnu --with-gnu-as --with-gnu-ld --disable-libmudflap --enable-lto --enable-shared --without-included-gettext --enable-nls --with-system-zlib --disable-sjlj-exceptions --enable-gnu-unique-object --enable-linker-build-id --disable-libstdcxx-pch --enable-c99 --enable-clocale=gnu --enable-libstdcxx-debug --enable-long-long --with-cloog=no --with-ppl=no --with-isl=no --disable-multilib --enable-fix-cortex-a53-835769 --enable-fix-cortex-a53-843419 --with-arch=armv8-a --enable-threads=posix --enable-multiarch --enable-libstdcxx-time=yes --enable-gnu-indirect-function --with-build-sysroot=/home/tcwg-buildslave/workspace/tcwg-make-release_1/_build/sysroots/aarch64-linux-gnu --with-sysroot=/home/tcwg-buildslave/workspace/tcwg-make-release_1/_build/builds/destdir/x86_64-unknown-linux-gnu/aarch64-linux-gnu/libc --enable-checking=release --disable-bootstrap --enable-languages=c,c++,fortran,lto --build=x86_64-unknown-linux-gnu --host=x86_64-unknown-linux-gnu --target=aarch64-linux-gnu --prefix=/home/tcwg-buildslave/workspace/tcwg-make-release_1/_build/builds/destdir/x86_64-unknown-linux-gnu]
  ignore line: [Thread model: posix]
  ignore line: [gcc version 6.5.0 (Linaro GCC 6.5-2018.12) ]
  ignore line: [COLLECT_GCC_OPTIONS='-v' '-o' 'CMakeFiles/cmTC_5dbf0.dir/CMakeCCompilerABI.c.o' '-c' '-march=armv8-a' '-mlittle-endian' '-mabi=lp64']
  ignore line: [ /home/niu/work/lib/gcc-linaro-6.5.0-2018.12-x86_64_aarch64-linux-gnu/bin/../libexec/gcc/aarch64-linux-gnu/6.5.0/cc1 -quiet -v -imultiarch aarch64-linux-gnu -iprefix /home/niu/work/lib/gcc-linaro-6.5.0-2018.12-x86_64_aarch64-linux-gnu/bin/../lib/gcc/aarch64-linux-gnu/6.5.0/ -isysroot /home/niu/work/lib/gcc-linaro-6.5.0-2018.12-x86_64_aarch64-linux-gnu/bin/../aarch64-linux-gnu/libc /usr/share/cmake-3.22/Modules/CMakeCCompilerABI.c -quiet -dumpbase CMakeCCompilerABI.c -march=armv8-a -mlittle-endian -mabi=lp64 -auxbase-strip CMakeFiles/cmTC_5dbf0.dir/CMakeCCompilerABI.c.o -version -o /tmp/ccAiLlGc.s]
  ignore line: [GNU C11 (Linaro GCC 6.5-2018.12) version 6.5.0 (aarch64-linux-gnu)]
  ignore line: [	compiled by GNU C version 4.8.4  GMP version 6.1.0  MPFR version 3.1.4  MPC version 1.0.3  isl version none]
  ignore line: [GGC heuristics: --param ggc-min-expand=100 --param ggc-min-heapsize=131072]
  ignore line: [ignoring duplicate directory "/home/niu/work/lib/gcc-linaro-6.5.0-2018.12-x86_64_aarch64-linux-gnu/bin/../lib/gcc/../../lib/gcc/aarch64-linux-gnu/6.5.0/include"]
  ignore line: [ignoring nonexistent directory "/home/niu/work/lib/gcc-linaro-6.5.0-2018.12-x86_64_aarch64-linux-gnu/bin/../aarch64-linux-gnu/libc/usr/local/include/aarch64-linux-gnu"]
  ignore line: [ignoring nonexistent directory "/home/niu/work/lib/gcc-linaro-6.5.0-2018.12-x86_64_aarch64-linux-gnu/bin/../aarch64-linux-gnu/libc/usr/local/include"]
  ignore line: [ignoring duplicate directory "/home/niu/work/lib/gcc-linaro-6.5.0-2018.12-x86_64_aarch64-linux-gnu/bin/../lib/gcc/../../lib/gcc/aarch64-linux-gnu/6.5.0/include-fixed"]
  ignore line: [ignoring duplicate directory "/home/niu/work/lib/gcc-linaro-6.5.0-2018.12-x86_64_aarch64-linux-gnu/bin/../lib/gcc/../../lib/gcc/aarch64-linux-gnu/6.5.0/../../../../aarch64-linux-gnu/include"]
  ignore line: [ignoring nonexistent directory "/home/niu/work/lib/gcc-linaro-6.5.0-2018.12-x86_64_aarch64-linux-gnu/bin/../aarch64-linux-gnu/libc/usr/include/aarch64-linux-gnu"]
  ignore line: [#include "..." search starts here:]
  ignore line: [#include <...> search starts here:]
  ignore line: [ /home/niu/work/lib/gcc-linaro-6.5.0-2018.12-x86_64_aarch64-linux-gnu/bin/../lib/gcc/aarch64-linux-gnu/6.5.0/include]
  ignore line: [ /home/niu/work/lib/gcc-linaro-6.5.0-2018.12-x86_64_aarch64-linux-gnu/bin/../lib/gcc/aarch64-linux-gnu/6.5.0/include-fixed]
  ignore line: [ /home/niu/work/lib/gcc-linaro-6.5.0-2018.12-x86_64_aarch64-linux-gnu/bin/../lib/gcc/aarch64-linux-gnu/6.5.0/../../../../aarch64-linux-gnu/include]
  ignore line: [ /home/niu/work/lib/gcc-linaro-6.5.0-2018.12-x86_64_aarch64-linux-gnu/bin/../aarch64-linux-gnu/libc/usr/include]
  ignore line: [End of search list.]
  ignore line: [GNU C11 (Linaro GCC 6.5-2018.12) version 6.5.0 (aarch64-linux-gnu)]
  ignore line: [	compiled by GNU C version 4.8.4  GMP version 6.1.0  MPFR version 3.1.4  MPC version 1.0.3  isl version none]
  ignore line: [GGC heuristics: --param ggc-min-expand=100 --param ggc-min-heapsize=131072]
  ignore line: [Compiler executable checksum: 1d507b21d0e1c773c502ffae6623df76]
  ignore line: [COLLECT_GCC_OPTIONS='-v' '-o' 'CMakeFiles/cmTC_5dbf0.dir/CMakeCCompilerABI.c.o' '-c' '-march=armv8-a' '-mlittle-endian' '-mabi=lp64']
  ignore line: [ /home/niu/work/lib/gcc-linaro-6.5.0-2018.12-x86_64_aarch64-linux-gnu/bin/../lib/gcc/aarch64-linux-gnu/6.5.0/../../../../aarch64-linux-gnu/bin/as -v -EL -march=armv8-a -mabi=lp64 -o CMakeFiles/cmTC_5dbf0.dir/CMakeCCompilerABI.c.o /tmp/ccAiLlGc.s]
  ignore line: [GNU assembler version 2.27.0 (aarch64-linux-gnu) using BFD version (Linaro_Binutils-2018.12) 2.27.0.20161229]
  ignore line: [COMPILER_PATH=/home/niu/work/lib/gcc-linaro-6.5.0-2018.12-x86_64_aarch64-linux-gnu/bin/../libexec/gcc/aarch64-linux-gnu/6.5.0/:/home/niu/work/lib/gcc-linaro-6.5.0-2018.12-x86_64_aarch64-linux-gnu/bin/../libexec/gcc/aarch64-linux-gnu/:/home/niu/work/lib/gcc-linaro-6.5.0-2018.12-x86_64_aarch64-linux-gnu/bin/../libexec/gcc/:/home/niu/work/lib/gcc-linaro-6.5.0-2018.12-x86_64_aarch64-linux-gnu/bin/../lib/gcc/aarch64-linux-gnu/6.5.0/../../../../aarch64-linux-gnu/bin/]
  ignore line: [LIBRARY_PATH=/home/niu/work/lib/gcc-linaro-6.5.0-2018.12-x86_64_aarch64-linux-gnu/bin/../lib/gcc/aarch64-linux-gnu/6.5.0/:/home/niu/work/lib/gcc-linaro-6.5.0-2018.12-x86_64_aarch64-linux-gnu/bin/../lib/gcc/aarch64-linux-gnu/:/home/niu/work/lib/gcc-linaro-6.5.0-2018.12-x86_64_aarch64-linux-gnu/bin/../lib/gcc/:/home/niu/work/lib/gcc-linaro-6.5.0-2018.12-x86_64_aarch64-linux-gnu/bin/../lib/gcc/aarch64-linux-gnu/6.5.0/../../../../aarch64-linux-gnu/lib/../lib64/:/home/niu/work/lib/gcc-linaro-6.5.0-2018.12-x86_64_aarch64-linux-gnu/bin/../lib/gcc/aarch64-linux-gnu/6.5.0/../../../../aarch64-linux-gnu/lib/:/home/niu/work/lib/gcc-linaro-6.5.0-2018.12-x86_64_aarch64-linux-gnu/bin/../aarch64-linux-gnu/libc/lib/:/home/niu/work/lib/gcc-linaro-6.5.0-2018.12-x86_64_aarch64-linux-gnu/bin/../aarch64-linux-gnu/libc/usr/lib/]
  ignore line: [COLLECT_GCC_OPTIONS='-v' '-o' 'CMakeFiles/cmTC_5dbf0.dir/CMakeCCompilerABI.c.o' '-c' '-march=armv8-a' '-mlittle-endian' '-mabi=lp64']
  ignore line: [Linking C executable cmTC_5dbf0]
  ignore line: [/usr/bin/cmake -E cmake_link_script CMakeFiles/cmTC_5dbf0.dir/link.txt --verbose=1]
  ignore line: [/home/niu/work/lib/gcc-linaro-6.5.0-2018.12-x86_64_aarch64-linux-gnu/bin/aarch64-linux-gnu-gcc  -v -rdynamic CMakeFiles/cmTC_5dbf0.dir/CMakeCCompilerABI.c.o -o cmTC_5dbf0 ]
  ignore line: [Using built-in specs.]
  ignore line: [COLLECT_GCC=/home/niu/work/lib/gcc-linaro-6.5.0-2018.12-x86_64_aarch64-linux-gnu/bin/aarch64-linux-gnu-gcc]
  ignore line: [COLLECT_LTO_WRAPPER=/home/niu/work/lib/gcc-linaro-6.5.0-2018.12-x86_64_aarch64-linux-gnu/bin/../libexec/gcc/aarch64-linux-gnu/6.5.0/lto-wrapper]
  ignore line: [Target: aarch64-linux-gnu]
  ignore line: [Configured with: '/home/tcwg-buildslave/workspace/tcwg-make-release_1/snapshots/gcc.git~linaro-6.5-2018.12/configure' SHELL=/bin/bash --with-mpc=/home/tcwg-buildslave/workspace/tcwg-make-release_1/_build/builds/destdir/x86_64-unknown-linux-gnu --with-mpfr=/home/tcwg-buildslave/workspace/tcwg-make-release_1/_build/builds/destdir/x86_64-unknown-linux-gnu --with-gmp=/home/tcwg-buildslave/workspace/tcwg-make-release_1/_build/builds/destdir/x86_64-unknown-linux-gnu --with-gnu-as --with-gnu-ld --disable-libmudflap --enable-lto --enable-shared --without-included-gettext --enable-nls --with-system-zlib --disable-sjlj-exceptions --enable-gnu-unique-object --enable-linker-build-id --disable-libstdcxx-pch --enable-c99 --enable-clocale=gnu --enable-libstdcxx-debug --enable-long-long --with-cloog=no --with-ppl=no --with-isl=no --disable-multilib --enable-fix-cortex-a53-835769 --enable-fix-cortex-a53-843419 --with-arch=armv8-a --enable-threads=posix --enable-multiarch --enable-libstdcxx-time=yes --enable-gnu-indirect-function --with-build-sysroot=/home/tcwg-buildslave/workspace/tcwg-make-release_1/_build/sysroots/aarch64-linux-gnu --with-sysroot=/home/tcwg-buildslave/workspace/tcwg-make-release_1/_build/builds/destdir/x86_64-unknown-linux-gnu/aarch64-linux-gnu/libc --enable-checking=release --disable-bootstrap --enable-languages=c,c++,fortran,lto --build=x86_64-unknown-linux-gnu --host=x86_64-unknown-linux-gnu --target=aarch64-linux-gnu --prefix=/home/tcwg-buildslave/workspace/tcwg-make-release_1/_build/builds/destdir/x86_64-unknown-linux-gnu]
  ignore line: [Thread model: posix]
  ignore line: [gcc version 6.5.0 (Linaro GCC 6.5-2018.12) ]
  ignore line: [COMPILER_PATH=/home/niu/work/lib/gcc-linaro-6.5.0-2018.12-x86_64_aarch64-linux-gnu/bin/../libexec/gcc/aarch64-linux-gnu/6.5.0/:/home/niu/work/lib/gcc-linaro-6.5.0-2018.12-x86_64_aarch64-linux-gnu/bin/../libexec/gcc/aarch64-linux-gnu/:/home/niu/work/lib/gcc-linaro-6.5.0-2018.12-x86_64_aarch64-linux-gnu/bin/../libexec/gcc/:/home/niu/work/lib/gcc-linaro-6.5.0-2018.12-x86_64_aarch64-linux-gnu/bin/../lib/gcc/aarch64-linux-gnu/6.5.0/../../../../aarch64-linux-gnu/bin/]
  ignore line: [LIBRARY_PATH=/home/niu/work/lib/gcc-linaro-6.5.0-2018.12-x86_64_aarch64-linux-gnu/bin/../lib/gcc/aarch64-linux-gnu/6.5.0/:/home/niu/work/lib/gcc-linaro-6.5.0-2018.12-x86_64_aarch64-linux-gnu/bin/../lib/gcc/aarch64-linux-gnu/:/home/niu/work/lib/gcc-linaro-6.5.0-2018.12-x86_64_aarch64-linux-gnu/bin/../lib/gcc/:/home/niu/work/lib/gcc-linaro-6.5.0-2018.12-x86_64_aarch64-linux-gnu/bin/../lib/gcc/aarch64-linux-gnu/6.5.0/../../../../aarch64-linux-gnu/lib/../lib64/:/home/niu/work/lib/gcc-linaro-6.5.0-2018.12-x86_64_aarch64-linux-gnu/bin/../lib/gcc/aarch64-linux-gnu/6.5.0/../../../../aarch64-linux-gnu/lib/:/home/niu/work/lib/gcc-linaro-6.5.0-2018.12-x86_64_aarch64-linux-gnu/bin/../aarch64-linux-gnu/libc/lib/:/home/niu/work/lib/gcc-linaro-6.5.0-2018.12-x86_64_aarch64-linux-gnu/bin/../aarch64-linux-gnu/libc/usr/lib/]
  ignore line: [COLLECT_GCC_OPTIONS='-v' '-rdynamic' '-o' 'cmTC_5dbf0' '-march=armv8-a' '-mlittle-endian' '-mabi=lp64']
  link line: [ /home/niu/work/lib/gcc-linaro-6.5.0-2018.12-x86_64_aarch64-linux-gnu/bin/../libexec/gcc/aarch64-linux-gnu/6.5.0/collect2 -plugin /home/niu/work/lib/gcc-linaro-6.5.0-2018.12-x86_64_aarch64-linux-gnu/bin/../libexec/gcc/aarch64-linux-gnu/6.5.0/liblto_plugin.so -plugin-opt=/home/niu/work/lib/gcc-linaro-6.5.0-2018.12-x86_64_aarch64-linux-gnu/bin/../libexec/gcc/aarch64-linux-gnu/6.5.0/lto-wrapper -plugin-opt=-fresolution=/tmp/ccFxzwRf.res -plugin-opt=-pass-through=-lgcc -plugin-opt=-pass-through=-lgcc_s -plugin-opt=-pass-through=-lc -plugin-opt=-pass-through=-lgcc -plugin-opt=-pass-through=-lgcc_s --sysroot=/home/niu/work/lib/gcc-linaro-6.5.0-2018.12-x86_64_aarch64-linux-gnu/bin/../aarch64-linux-gnu/libc --build-id --eh-frame-hdr -export-dynamic -dynamic-linker /lib/ld-linux-aarch64.so.1 -X -EL -maarch64linux --fix-cortex-a53-835769 --fix-cortex-a53-843419 -o cmTC_5dbf0 /home/niu/work/lib/gcc-linaro-6.5.0-2018.12-x86_64_aarch64-linux-gnu/bin/../aarch64-linux-gnu/libc/usr/lib/crt1.o /home/niu/work/lib/gcc-linaro-6.5.0-2018.12-x86_64_aarch64-linux-gnu/bin/../aarch64-linux-gnu/libc/usr/lib/crti.o /home/niu/work/lib/gcc-linaro-6.5.0-2018.12-x86_64_aarch64-linux-gnu/bin/../lib/gcc/aarch64-linux-gnu/6.5.0/crtbegin.o -L/home/niu/work/lib/gcc-linaro-6.5.0-2018.12-x86_64_aarch64-linux-gnu/bin/../lib/gcc/aarch64-linux-gnu/6.5.0 -L/home/niu/work/lib/gcc-linaro-6.5.0-2018.12-x86_64_aarch64-linux-gnu/bin/../lib/gcc/aarch64-linux-gnu -L/home/niu/work/lib/gcc-linaro-6.5.0-2018.12-x86_64_aarch64-linux-gnu/bin/../lib/gcc -L/home/niu/work/lib/gcc-linaro-6.5.0-2018.12-x86_64_aarch64-linux-gnu/bin/../lib/gcc/aarch64-linux-gnu/6.5.0/../../../../aarch64-linux-gnu/lib/../lib64 -L/home/niu/work/lib/gcc-linaro-6.5.0-2018.12-x86_64_aarch64-linux-gnu/bin/../lib/gcc/aarch64-linux-gnu/6.5.0/../../../../aarch64-linux-gnu/lib -L/home/niu/work/lib/gcc-linaro-6.5.0-2018.12-x86_64_aarch64-linux-gnu/bin/../aarch64-linux-gnu/libc/lib -L/home/niu/work/lib/gcc-linaro-6.5.0-2018.12-x86_64_aarch64-linux-gnu/bin/../aarch64-linux-gnu/libc/usr/lib CMakeFiles/cmTC_5dbf0.dir/CMakeCCompilerABI.c.o -lgcc --as-needed -lgcc_s --no-as-needed -lc -lgcc --as-needed -lgcc_s --no-as-needed /home/niu/work/lib/gcc-linaro-6.5.0-2018.12-x86_64_aarch64-linux-gnu/bin/../lib/gcc/aarch64-linux-gnu/6.5.0/crtend.o /home/niu/work/lib/gcc-linaro-6.5.0-2018.12-x86_64_aarch64-linux-gnu/bin/../aarch64-linux-gnu/libc/usr/lib/crtn.o]
    arg [/home/niu/work/lib/gcc-linaro-6.5.0-2018.12-x86_64_aarch64-linux-gnu/bin/../libexec/gcc/aarch64-linux-gnu/6.5.0/collect2] ==> ignore
    arg [-plugin] ==> ignore
    arg [/home/niu/work/lib/gcc-linaro-6.5.0-2018.12-x86_64_aarch64-linux-gnu/bin/../libexec/gcc/aarch64-linux-gnu/6.5.0/liblto_plugin.so] ==> ignore
    arg [-plugin-opt=/home/niu/work/lib/gcc-linaro-6.5.0-2018.12-x86_64_aarch64-linux-gnu/bin/../libexec/gcc/aarch64-linux-gnu/6.5.0/lto-wrapper] ==> ignore
    arg [-plugin-opt=-fresolution=/tmp/ccFxzwRf.res] ==> ignore
    arg [-plugin-opt=-pass-through=-lgcc] ==> ignore
    arg [-plugin-opt=-pass-through=-lgcc_s] ==> ignore
    arg [-plugin-opt=-pass-through=-lc] ==> ignore
    arg [-plugin-opt=-pass-through=-lgcc] ==> ignore
    arg [-plugin-opt=-pass-through=-lgcc_s] ==> ignore
    arg [--sysroot=/home/niu/work/lib/gcc-linaro-6.5.0-2018.12-x86_64_aarch64-linux-gnu/bin/../aarch64-linux-gnu/libc] ==> ignore
    arg [--build-id] ==> ignore
    arg [--eh-frame-hdr] ==> ignore
    arg [-export-dynamic] ==> ignore
    arg [-dynamic-linker] ==> ignore
    arg [/lib/ld-linux-aarch64.so.1] ==> ignore
    arg [-X] ==> ignore
    arg [-EL] ==> ignore
    arg [-maarch64linux] ==> ignore
    arg [--fix-cortex-a53-835769] ==> ignore
    arg [--fix-cortex-a53-843419] ==> ignore
    arg [-o] ==> ignore
    arg [cmTC_5dbf0] ==> ignore
    arg [/home/niu/work/lib/gcc-linaro-6.5.0-2018.12-x86_64_aarch64-linux-gnu/bin/../aarch64-linux-gnu/libc/usr/lib/crt1.o] ==> obj [/home/niu/work/lib/gcc-linaro-6.5.0-2018.12-x86_64_aarch64-linux-gnu/bin/../aarch64-linux-gnu/libc/usr/lib/crt1.o]
    arg [/home/niu/work/lib/gcc-linaro-6.5.0-2018.12-x86_64_aarch64-linux-gnu/bin/../aarch64-linux-gnu/libc/usr/lib/crti.o] ==> obj [/home/niu/work/lib/gcc-linaro-6.5.0-2018.12-x86_64_aarch64-linux-gnu/bin/../aarch64-linux-gnu/libc/usr/lib/crti.o]
    arg [/home/niu/work/lib/gcc-linaro-6.5.0-2018.12-x86_64_aarch64-linux-gnu/bin/../lib/gcc/aarch64-linux-gnu/6.5.0/crtbegin.o] ==> obj [/home/niu/work/lib/gcc-linaro-6.5.0-2018.12-x86_64_aarch64-linux-gnu/bin/../lib/gcc/aarch64-linux-gnu/6.5.0/crtbegin.o]
    arg [-L/home/niu/work/lib/gcc-linaro-6.5.0-2018.12-x86_64_aarch64-linux-gnu/bin/../lib/gcc/aarch64-linux-gnu/6.5.0] ==> dir [/home/niu/work/lib/gcc-linaro-6.5.0-2018.12-x86_64_aarch64-linux-gnu/bin/../lib/gcc/aarch64-linux-gnu/6.5.0]
    arg [-L/home/niu/work/lib/gcc-linaro-6.5.0-2018.12-x86_64_aarch64-linux-gnu/bin/../lib/gcc/aarch64-linux-gnu] ==> dir [/home/niu/work/lib/gcc-linaro-6.5.0-2018.12-x86_64_aarch64-linux-gnu/bin/../lib/gcc/aarch64-linux-gnu]
    arg [-L/home/niu/work/lib/gcc-linaro-6.5.0-2018.12-x86_64_aarch64-linux-gnu/bin/../lib/gcc] ==> dir [/home/niu/work/lib/gcc-linaro-6.5.0-2018.12-x86_64_aarch64-linux-gnu/bin/../lib/gcc]
    arg [-L/home/niu/work/lib/gcc-linaro-6.5.0-2018.12-x86_64_aarch64-linux-gnu/bin/../lib/gcc/aarch64-linux-gnu/6.5.0/../../../../aarch64-linux-gnu/lib/../lib64] ==> dir [/home/niu/work/lib/gcc-linaro-6.5.0-2018.12-x86_64_aarch64-linux-gnu/bin/../lib/gcc/aarch64-linux-gnu/6.5.0/../../../../aarch64-linux-gnu/lib/../lib64]
    arg [-L/home/niu/work/lib/gcc-linaro-6.5.0-2018.12-x86_64_aarch64-linux-gnu/bin/../lib/gcc/aarch64-linux-gnu/6.5.0/../../../../aarch64-linux-gnu/lib] ==> dir [/home/niu/work/lib/gcc-linaro-6.5.0-2018.12-x86_64_aarch64-linux-gnu/bin/../lib/gcc/aarch64-linux-gnu/6.5.0/../../../../aarch64-linux-gnu/lib]
    arg [-L/home/niu/work/lib/gcc-linaro-6.5.0-2018.12-x86_64_aarch64-linux-gnu/bin/../aarch64-linux-gnu/libc/lib] ==> dir [/home/niu/work/lib/gcc-linaro-6.5.0-2018.12-x86_64_aarch64-linux-gnu/bin/../aarch64-linux-gnu/libc/lib]
    arg [-L/home/niu/work/lib/gcc-linaro-6.5.0-2018.12-x86_64_aarch64-linux-gnu/bin/../aarch64-linux-gnu/libc/usr/lib] ==> dir [/home/niu/work/lib/gcc-linaro-6.5.0-2018.12-x86_64_aarch64-linux-gnu/bin/../aarch64-linux-gnu/libc/usr/lib]
    arg [CMakeFiles/cmTC_5dbf0.dir/CMakeCCompilerABI.c.o] ==> ignore
    arg [-lgcc] ==> lib [gcc]
    arg [--as-needed] ==> ignore
    arg [-lgcc_s] ==> lib [gcc_s]
    arg [--no-as-needed] ==> ignore
    arg [-lc] ==> lib [c]
    arg [-lgcc] ==> lib [gcc]
    arg [--as-needed] ==> ignore
    arg [-lgcc_s] ==> lib [gcc_s]
    arg [--no-as-needed] ==> ignore
    arg [/home/niu/work/lib/gcc-linaro-6.5.0-2018.12-x86_64_aarch64-linux-gnu/bin/../lib/gcc/aarch64-linux-gnu/6.5.0/crtend.o] ==> obj [/home/niu/work/lib/gcc-linaro-6.5.0-2018.12-x86_64_aarch64-linux-gnu/bin/../lib/gcc/aarch64-linux-gnu/6.5.0/crtend.o]
    arg [/home/niu/work/lib/gcc-linaro-6.5.0-2018.12-x86_64_aarch64-linux-gnu/bin/../aarch64-linux-gnu/libc/usr/lib/crtn.o] ==> obj [/home/niu/work/lib/gcc-linaro-6.5.0-2018.12-x86_64_aarch64-linux-gnu/bin/../aarch64-linux-gnu/libc/usr/lib/crtn.o]
  collapse obj [/home/niu/work/lib/gcc-linaro-6.5.0-2018.12-x86_64_aarch64-linux-gnu/bin/../aarch64-linux-gnu/libc/usr/lib/crt1.o] ==> [/home/niu/work/lib/gcc-linaro-6.5.0-2018.12-x86_64_aarch64-linux-gnu/aarch64-linux-gnu/libc/usr/lib/crt1.o]
  collapse obj [/home/niu/work/lib/gcc-linaro-6.5.0-2018.12-x86_64_aarch64-linux-gnu/bin/../aarch64-linux-gnu/libc/usr/lib/crti.o] ==> [/home/niu/work/lib/gcc-linaro-6.5.0-2018.12-x86_64_aarch64-linux-gnu/aarch64-linux-gnu/libc/usr/lib/crti.o]
  collapse obj [/home/niu/work/lib/gcc-linaro-6.5.0-2018.12-x86_64_aarch64-linux-gnu/bin/../lib/gcc/aarch64-linux-gnu/6.5.0/crtbegin.o] ==> [/home/niu/work/lib/gcc-linaro-6.5.0-2018.12-x86_64_aarch64-linux-gnu/lib/gcc/aarch64-linux-gnu/6.5.0/crtbegin.o]
  collapse obj [/home/niu/work/lib/gcc-linaro-6.5.0-2018.12-x86_64_aarch64-linux-gnu/bin/../lib/gcc/aarch64-linux-gnu/6.5.0/crtend.o] ==> [/home/niu/work/lib/gcc-linaro-6.5.0-2018.12-x86_64_aarch64-linux-gnu/lib/gcc/aarch64-linux-gnu/6.5.0/crtend.o]
  collapse obj [/home/niu/work/lib/gcc-linaro-6.5.0-2018.12-x86_64_aarch64-linux-gnu/bin/../aarch64-linux-gnu/libc/usr/lib/crtn.o] ==> [/home/niu/work/lib/gcc-linaro-6.5.0-2018.12-x86_64_aarch64-linux-gnu/aarch64-linux-gnu/libc/usr/lib/crtn.o]
  collapse library dir [/home/niu/work/lib/gcc-linaro-6.5.0-2018.12-x86_64_aarch64-linux-gnu/bin/../lib/gcc/aarch64-linux-gnu/6.5.0] ==> [/home/niu/work/lib/gcc-linaro-6.5.0-2018.12-x86_64_aarch64-linux-gnu/lib/gcc/aarch64-linux-gnu/6.5.0]
  collapse library dir [/home/niu/work/lib/gcc-linaro-6.5.0-2018.12-x86_64_aarch64-linux-gnu/bin/../lib/gcc/aarch64-linux-gnu] ==> [/home/niu/work/lib/gcc-linaro-6.5.0-2018.12-x86_64_aarch64-linux-gnu/lib/gcc/aarch64-linux-gnu]
  collapse library dir [/home/niu/work/lib/gcc-linaro-6.5.0-2018.12-x86_64_aarch64-linux-gnu/bin/../lib/gcc] ==> [/home/niu/work/lib/gcc-linaro-6.5.0-2018.12-x86_64_aarch64-linux-gnu/lib/gcc]
  collapse library dir [/home/niu/work/lib/gcc-linaro-6.5.0-2018.12-x86_64_aarch64-linux-gnu/bin/../lib/gcc/aarch64-linux-gnu/6.5.0/../../../../aarch64-linux-gnu/lib/../lib64] ==> [/home/niu/work/lib/gcc-linaro-6.5.0-2018.12-x86_64_aarch64-linux-gnu/aarch64-linux-gnu/lib64]
  collapse library dir [/home/niu/work/lib/gcc-linaro-6.5.0-2018.12-x86_64_aarch64-linux-gnu/bin/../lib/gcc/aarch64-linux-gnu/6.5.0/../../../../aarch64-linux-gnu/lib] ==> [/home/niu/work/lib/gcc-linaro-6.5.0-2018.12-x86_64_aarch64-linux-gnu/aarch64-linux-gnu/lib]
  collapse library dir [/home/niu/work/lib/gcc-linaro-6.5.0-2018.12-x86_64_aarch64-linux-gnu/bin/../aarch64-linux-gnu/libc/lib] ==> [/home/niu/work/lib/gcc-linaro-6.5.0-2018.12-x86_64_aarch64-linux-gnu/aarch64-linux-gnu/libc/lib]
  collapse library dir [/home/niu/work/lib/gcc-linaro-6.5.0-2018.12-x86_64_aarch64-linux-gnu/bin/../aarch64-linux-gnu/libc/usr/lib] ==> [/home/niu/work/lib/gcc-linaro-6.5.0-2018.12-x86_64_aarch64-linux-gnu/aarch64-linux-gnu/libc/usr/lib]
  implicit libs: [gcc;gcc_s;c;gcc;gcc_s]
  implicit objs: [/home/niu/work/lib/gcc-linaro-6.5.0-2018.12-x86_64_aarch64-linux-gnu/aarch64-linux-gnu/libc/usr/lib/crt1.o;/home/niu/work/lib/gcc-linaro-6.5.0-2018.12-x86_64_aarch64-linux-gnu/aarch64-linux-gnu/libc/usr/lib/crti.o;/home/niu/work/lib/gcc-linaro-6.5.0-2018.12-x86_64_aarch64-linux-gnu/lib/gcc/aarch64-linux-gnu/6.5.0/crtbegin.o;/home/niu/work/lib/gcc-linaro-6.5.0-2018.12-x86_64_aarch64-linux-gnu/lib/gcc/aarch64-linux-gnu/6.5.0/crtend.o;/home/niu/work/lib/gcc-linaro-6.5.0-2018.12-x86_64_aarch64-linux-gnu/aarch64-linux-gnu/libc/usr/lib/crtn.o]
  implicit dirs: [/home/niu/work/lib/gcc-linaro-6.5.0-2018.12-x86_64_aarch64-linux-gnu/lib/gcc/aarch64-linux-gnu/6.5.0;/home/niu/work/lib/gcc-linaro-6.5.0-2018.12-x86_64_aarch64-linux-gnu/lib/gcc/aarch64-linux-gnu;/home/niu/work/lib/gcc-linaro-6.5.0-2018.12-x86_64_aarch64-linux-gnu/lib/gcc;/home/niu/work/lib/gcc-linaro-6.5.0-2018.12-x86_64_aarch64-linux-gnu/aarch64-linux-gnu/lib64;/home/niu/work/lib/gcc-linaro-6.5.0-2018.12-x86_64_aarch64-linux-gnu/aarch64-linux-gnu/lib;/home/niu/work/lib/gcc-linaro-6.5.0-2018.12-x86_64_aarch64-linux-gnu/aarch64-linux-gnu/libc/lib;/home/niu/work/lib/gcc-linaro-6.5.0-2018.12-x86_64_aarch64-linux-gnu/aarch64-linux-gnu/libc/usr/lib]
  implicit fwks: []


Detecting CXX compiler ABI info compiled with the following output:
Change Dir: /home/niu/work/code/mqtt/src/build_aarch64/CMakeFiles/CMakeTmp

Run Build Command(s):/usr/bin/gmake -f Makefile cmTC_79704/fast && /usr/bin/gmake  -f CMakeFiles/cmTC_79704.dir/build.make CMakeFiles/cmTC_79704.dir/build
gmake[1]: Entering directory '/home/niu/work/code/mqtt/src/build_aarch64/CMakeFiles/CMakeTmp'
Building CXX object CMakeFiles/cmTC_79704.dir/CMakeCXXCompilerABI.cpp.o
/home/niu/work/lib/gcc-linaro-6.5.0-2018.12-x86_64_aarch64-linux-gnu/bin/aarch64-linux-gnu-g++   -v -o CMakeFiles/cmTC_79704.dir/CMakeCXXCompilerABI.cpp.o -c /usr/share/cmake-3.22/Modules/CMakeCXXCompilerABI.cpp
Using built-in specs.
COLLECT_GCC=/home/niu/work/lib/gcc-linaro-6.5.0-2018.12-x86_64_aarch64-linux-gnu/bin/aarch64-linux-gnu-g++
Target: aarch64-linux-gnu
Configured with: '/home/tcwg-buildslave/workspace/tcwg-make-release_1/snapshots/gcc.git~linaro-6.5-2018.12/configure' SHELL=/bin/bash --with-mpc=/home/tcwg-buildslave/workspace/tcwg-make-release_1/_build/builds/destdir/x86_64-unknown-linux-gnu --with-mpfr=/home/tcwg-buildslave/workspace/tcwg-make-release_1/_build/builds/destdir/x86_64-unknown-linux-gnu --with-gmp=/home/tcwg-buildslave/workspace/tcwg-make-release_1/_build/builds/destdir/x86_64-unknown-linux-gnu --with-gnu-as --with-gnu-ld --disable-libmudflap --enable-lto --enable-shared --without-included-gettext --enable-nls --with-system-zlib --disable-sjlj-exceptions --enable-gnu-unique-object --enable-linker-build-id --disable-libstdcxx-pch --enable-c99 --enable-clocale=gnu --enable-libstdcxx-debug --enable-long-long --with-cloog=no --with-ppl=no --with-isl=no --disable-multilib --enable-fix-cortex-a53-835769 --enable-fix-cortex-a53-843419 --with-arch=armv8-a --enable-threads=posix --enable-multiarch --enable-libstdcxx-time=yes --enable-gnu-indirect-function --with-build-sysroot=/home/tcwg-buildslave/workspace/tcwg-make-release_1/_build/sysroots/aarch64-linux-gnu --with-sysroot=/home/tcwg-buildslave/workspace/tcwg-make-release_1/_build/builds/destdir/x86_64-unknown-linux-gnu/aarch64-linux-gnu/libc --enable-checking=release --disable-bootstrap --enable-languages=c,c++,fortran,lto --build=x86_64-unknown-linux-gnu --host=x86_64-unknown-linux-gnu --target=aarch64-linux-gnu --prefix=/home/tcwg-buildslave/workspace/tcwg-make-release_1/_build/builds/destdir/x86_64-unknown-linux-gnu
Thread model: posix
gcc version 6.5.0 (Linaro GCC 6.5-2018.12) 
COLLECT_GCC_OPTIONS='-v' '-o' 'CMakeFiles/cmTC_79704.dir/CMakeCXXCompilerABI.cpp.o' '-c' '-shared-libgcc' '-march=armv8-a' '-mlittle-endian' '-mabi=lp64'
 /home/niu/work/lib/gcc-linaro-6.5.0-2018.12-x86_64_aarch64-linux-gnu/bin/../libexec/gcc/aarch64-linux-gnu/6.5.0/cc1plus -quiet -v -imultiarch aarch64-linux-gnu -iprefix /home/niu/work/lib/gcc-linaro-6.5.0-2018.12-x86_64_aarch64-linux-gnu/bin/../lib/gcc/aarch64-linux-gnu/6.5.0/ -isysroot /home/niu/work/lib/gcc-linaro-6.5.0-2018.12-x86_64_aarch64-linux-gnu/bin/../aarch64-linux-gnu/libc -D_GNU_SOURCE /usr/share/cmake-3.22/Modules/CMakeCXXCompilerABI.cpp -quiet -dumpbase CMakeCXXCompilerABI.cpp -march=armv8-a -mlittle-endian -mabi=lp64 -auxbase-strip CMakeFiles/cmTC_79704.dir/CMakeCXXCompilerABI.cpp.o -version -o /tmp/ccbQvcAF.s
GNU C++14 (Linaro GCC 6.5-2018.12) version 6.5.0 (aarch64-linux-gnu)
	compiled by GNU C version 4.8.4, GMP version 6.1.0, MPFR version 3.1.4, MPC version 1.0.3, isl version none
GGC heuristics: --param ggc-min-expand=100 --param ggc-min-heapsize=131072
ignoring duplicate directory "/home/niu/work/lib/gcc-linaro-6.5.0-2018.12-x86_64_aarch64-linux-gnu/bin/../lib/gcc/../../lib/gcc/aarch64-linux-gnu/6.5.0/../../../../aarch64-linux-gnu/include/c++/6.5.0"
ignoring duplicate directory "/home/niu/work/lib/gcc-linaro-6.5.0-2018.12-x86_64_aarch64-linux-gnu/bin/../lib/gcc/../../lib/gcc/aarch64-linux-gnu/6.5.0/../../../../aarch64-linux-gnu/include/c++/6.5.0/aarch64-linux-gnu"
ignoring duplicate directory "/home/niu/work/lib/gcc-linaro-6.5.0-2018.12-x86_64_aarch64-linux-gnu/bin/../lib/gcc/../../lib/gcc/aarch64-linux-gnu/6.5.0/../../../../aarch64-linux-gnu/include/c++/6.5.0/backward"
ignoring duplicate directory "/home/niu/work/lib/gcc-linaro-6.5.0-2018.12-x86_64_aarch64-linux-gnu/bin/../lib/gcc/../../lib/gcc/aarch64-linux-gnu/6.5.0/include"
ignoring nonexistent directory "/home/niu/work/lib/gcc-linaro-6.5.0-2018.12-x86_64_aarch64-linux-gnu/bin/../aarch64-linux-gnu/libc/usr/local/include/aarch64-linux-gnu"
ignoring nonexistent directory "/home/niu/work/lib/gcc-linaro-6.5.0-2018.12-x86_64_aarch64-linux-gnu/bin/../aarch64-linux-gnu/libc/usr/local/include"
ignoring duplicate directory "/home/niu/work/lib/gcc-linaro-6.5.0-2018.12-x86_64_aarch64-linux-gnu/bin/../lib/gcc/../../lib/gcc/aarch64-linux-gnu/6.5.0/include-fixed"
ignoring duplicate directory "/home/niu/work/lib/gcc-linaro-6.5.0-2018.12-x86_64_aarch64-linux-gnu/bin/../lib/gcc/../../lib/gcc/aarch64-linux-gnu/6.5.0/../../../../aarch64-linux-gnu/include"
ignoring nonexistent directory "/home/niu/work/lib/gcc-linaro-6.5.0-2018.12-x86_64_aarch64-linux-gnu/bin/../aarch64-linux-gnu/libc/usr/include/aarch64-linux-gnu"
#include "..." search starts here:
#include <...> search starts here:
 /home/niu/work/lib/gcc-linaro-6.5.0-2018.12-x86_64_aarch64-linux-gnu/bin/../lib/gcc/aarch64-linux-gnu/6.5.0/../../../../aarch64-linux-gnu/include/c++/6.5.0
 /home/niu/work/lib/gcc-linaro-6.5.0-2018.12-x86_64_aarch64-linux-gnu/bin/../lib/gcc/aarch64-linux-gnu/6.5.0/../../../../aarch64-linux-gnu/include/c++/6.5.0/aarch64-linux-gnu
 /home/niu/work/lib/gcc-linaro-6.5.0-2018.12-x86_64_aarch64-linux-gnu/bin/../lib/gcc/aarch64-linux-gnu/6.5.0/../../../../aarch64-linux-gnu/include/c++/6.5.0/backward
 /home/niu/work/lib/gcc-linaro-6.5.0-2018.12-x86_64_aarch64-linux-gnu/bin/../lib/gcc/aarch64-linux-gnu/6.5.0/include
 /home/niu/work/lib/gcc-linaro-6.5.0-2018.12-x86_64_aarch64-linux-gnu/bin/../lib/gcc/aarch64-linux-gnu/6.5.0/include-fixed
 /home/niu/work/lib/gcc-linaro-6.5.0-2018.12-x86_64_aarch64-linux-gnu/bin/../lib/gcc/aarch64-linux-gnu/6.5.0/../../../../aarch64-linux-gnu/include
 /home/niu/work/lib/gcc-linaro-6.5.0-2018.12-x86_64_aarch64-linux-gnu/bin/../aarch64-linux-gnu/libc/usr/include
End of search list.
GNU C++14 (Linaro GCC 6.5-2018.12) version 6.5.0 (aarch64-linux-gnu)
	compiled by GNU C version 4.8.4, GMP version 6.1.0, MPFR version 3.1.4, MPC version 1.0.3, isl version none
GGC heuristics: --param ggc-min-expand=100 --param ggc-min-heapsize=131072
Compiler executable checksum: decbb0d1fdf8f27b621dd5abd8f528b3
COLLECT_GCC_OPTIONS='-v' '-o' 'CMakeFiles/cmTC_79704.dir/CMakeCXXCompilerABI.cpp.o' '-c' '-shared-libgcc' '-march=armv8-a' '-mlittle-endian' '-mabi=lp64'
 /home/niu/work/lib/gcc-linaro-6.5.0-2018.12-x86_64_aarch64-linux-gnu/bin/../lib/gcc/aarch64-linux-gnu/6.5.0/../../../../aarch64-linux-gnu/bin/as -v -EL -march=armv8-a -mabi=lp64 -o CMakeFiles/cmTC_79704.dir/CMakeCXXCompilerABI.cpp.o /tmp/ccbQvcAF.s
GNU assembler version 2.27.0 (aarch64-linux-gnu) using BFD version (Linaro_Binutils-2018.12) 2.27.0.20161229
COMPILER_PATH=/home/niu/work/lib/gcc-linaro-6.5.0-2018.12-x86_64_aarch64-linux-gnu/bin/../libexec/gcc/aarch64-linux-gnu/6.5.0/:/home/niu/work/lib/gcc-linaro-6.5.0-2018.12-x86_64_aarch64-linux-gnu/bin/../libexec/gcc/aarch64-linux-gnu/:/home/niu/work/lib/gcc-linaro-6.5.0-2018.12-x86_64_aarch64-linux-gnu/bin/../libexec/gcc/:/home/niu/work/lib/gcc-linaro-6.5.0-2018.12-x86_64_aarch64-linux-gnu/bin/../lib/gcc/aarch64-linux-gnu/6.5.0/../../../../aarch64-linux-gnu/bin/
LIBRARY_PATH=/home/niu/work/lib/gcc-linaro-6.5.0-2018.12-x86_64_aarch64-linux-gnu/bin/../lib/gcc/aarch64-linux-gnu/6.5.0/:/home/niu/work/lib/gcc-linaro-6.5.0-2018.12-x86_64_aarch64-linux-gnu/bin/../lib/gcc/aarch64-linux-gnu/:/home/niu/work/lib/gcc-linaro-6.5.0-2018.12-x86_64_aarch64-linux-gnu/bin/../lib/gcc/:/home/niu/work/lib/gcc-linaro-6.5.0-2018.12-x86_64_aarch64-linux-gnu/bin/../lib/gcc/aarch64-linux-gnu/6.5.0/../../../../aarch64-linux-gnu/lib/../lib64/:/home/niu/work/lib/gcc-linaro-6.5.0-2018.12-x86_64_aarch64-linux-gnu/bin/../lib/gcc/aarch64-linux-gnu/6.5.0/../../../../aarch64-linux-gnu/lib/:/home/niu/work/lib/gcc-linaro-6.5.0-2018.12-x86_64_aarch64-linux-gnu/bin/../aarch64-linux-gnu/libc/lib/:/home/niu/work/lib/gcc-linaro-6.5.0-2018.12-x86_64_aarch64-linux-gnu/bin/../aarch64-linux-gnu/libc/usr/lib/
COLLECT_GCC_OPTIONS='-v' '-o' 'CMakeFiles/cmTC_79704.dir/CMakeCXXCompilerABI.cpp.o' '-c' '-shared-libgcc' '-march=armv8-a' '-mlittle-endian' '-mabi=lp64'
Linking CXX executable cmTC_79704
/usr/bin/cmake -E cmake_link_script CMakeFiles/cmTC_79704.dir/link.txt --verbose=1
/home/niu/work/lib/gcc-linaro-6.5.0-2018.12-x86_64_aarch64-linux-gnu/bin/aarch64-linux-gnu-g++  -v -rdynamic CMakeFiles/cmTC_79704.dir/CMakeCXXCompilerABI.cpp.o -o cmTC_79704 
Using built-in specs.
COLLECT_GCC=/home/niu/work/lib/gcc-linaro-6.5.0-2018.12-x86_64_aarch64-linux-gnu/bin/aarch64-linux-gnu-g++
COLLECT_LTO_WRAPPER=/home/niu/work/lib/gcc-linaro-6.5.0-2018.12-x86_64_aarch64-linux-gnu/bin/../libexec/gcc/aarch64-linux-gnu/6.5.0/lto-wrapper
Target: aarch64-linux-gnu
Configured with: '/home/tcwg-buildslave/workspace/tcwg-make-release_1/snapshots/gcc.git~linaro-6.5-2018.12/configure' SHELL=/bin/bash --with-mpc=/home/tcwg-buildslave/workspace/tcwg-make-release_1/_build/builds/destdir/x86_64-unknown-linux-gnu --with-mpfr=/home/tcwg-buildslave/workspace/tcwg-make-release_1/_build/builds/destdir/x86_64-unknown-linux-gnu --with-gmp=/home/tcwg-buildslave/workspace/tcwg-make-release_1/_build/builds/destdir/x86_64-unknown-linux-gnu --with-gnu-as --with-gnu-ld --disable-libmudflap --enable-lto --enable-shared --without-included-gettext --enable-nls --with-system-zlib --disable-sjlj-exceptions --enable-gnu-unique-object --enable-linker-build-id --disable-libstdcxx-pch --enable-c99 --enable-clocale=gnu --enable-libstdcxx-debug --enable-long-long --with-cloog=no --with-ppl=no --with-isl=no --disable-multilib --enable-fix-cortex-a53-835769 --enable-fix-cortex-a53-843419 --with-arch=armv8-a --enable-threads=posix --enable-multiarch --enable-libstdcxx-time=yes --enable-gnu-indirect-function --with-build-sysroot=/home/tcwg-buildslave/workspace/tcwg-make-release_1/_build/sysroots/aarch64-linux-gnu --with-sysroot=/home/tcwg-buildslave/workspace/tcwg-make-release_1/_build/builds/destdir/x86_64-unknown-linux-gnu/aarch64-linux-gnu/libc --enable-checking=release --disable-bootstrap --enable-languages=c,c++,fortran,lto --build=x86_64-unknown-linux-gnu --host=x86_64-unknown-linux-gnu --target=aarch64-linux-gnu --prefix=/home/tcwg-buildslave/workspace/tcwg-make-release_1/_build/builds/destdir/x86_64-unknown-linux-gnu
Thread model: posix
gcc version 6.5.0 (Linaro GCC 6.5-2018.12) 
COMPILER_PATH=/home/niu/work/lib/gcc-linaro-6.5.0-2018.12-x86_64_aarch64-linux-gnu/bin/../libexec/gcc/aarch64-linux-gnu/6.5.0/:/home/niu/work/lib/gcc-linaro-6.5.0-2018.12-x86_64_aarch64-linux-gnu/bin/../libexec/gcc/aarch64-linux-gnu/:/home/niu/work/lib/gcc-linaro-6.5.0-2018.12-x86_64_aarch64-linux-gnu/bin/../libexec/gcc/:/home/niu/work/lib/gcc-linaro-6.5.0-2018.12-x86_64_aarch64-linux-gnu/bin/../lib/gcc/aarch64-linux-gnu/6.5.0/../../../../aarch64-linux-gnu/bin/
LIBRARY_PATH=/home/niu/work/lib/gcc-linaro-6.5.0-2018.12-x86_64_aarch64-linux-gnu/bin/../lib/gcc/aarch64-linux-gnu/6.5.0/:/home/niu/work/lib/gcc-linaro-6.5.0-2018.12-x86_64_aarch64-linux-gnu/bin/../lib/gcc/aarch64-linux-gnu/:/home/niu/work/lib/gcc-linaro-6.5.0-2018.12-x86_64_aarch64-linux-gnu/bin/../lib/gcc/:/home/niu/work/lib/gcc-linaro-6.5.0-2018.12-x86_64_aarch64-linux-gnu/bin/../lib/gcc/aarch64-linux-gnu/6.5.0/../../../../aarch64-linux-gnu/lib/../lib64/:/home/niu/work/lib/gcc-linaro-6.5.0-2018.12-x86_64_aarch64-linux-gnu/bin/../lib/gcc/aarch64-linux-gnu/6.5.0/../../../../aarch64-linux-gnu/lib/:/home/niu/work/lib/gcc-linaro-6.5.0-2018.12-x86_64_aarch64-linux-gnu/bin/../aarch64-linux-gnu/libc/lib/:/home/niu/work/lib/gcc-linaro-6.5.0-2018.12-x86_64_aarch64-linux-gnu/bin/../aarch64-linux-gnu/libc/usr/lib/
COLLECT_GCC_OPTIONS='-v' '-rdynamic' '-o' 'cmTC_79704' '-shared-libgcc' '-march=armv8-a' '-mlittle-endian' '-mabi=lp64'
 /home/niu/work/lib/gcc-linaro-6.5.0-2018.12-x86_64_aarch64-linux-gnu/bin/../libexec/gcc/aarch64-linux-gnu/6.5.0/collect2 -plugin /home/niu/work/lib/gcc-linaro-6.5.0-2018.12-x86_64_aarch64-linux-gnu/bin/../libexec/gcc/aarch64-linux-gnu/6.5.0/liblto_plugin.so -plugin-opt=/home/niu/work/lib/gcc-linaro-6.5.0-2018.12-x86_64_aarch64-linux-gnu/bin/../libexec/gcc/aarch64-linux-gnu/6.5.0/lto-wrapper -plugin-opt=-fresolution=/tmp/ccLZaUx7.res -plugin-opt=-pass-through=-lgcc_s -plugin-opt=-pass-through=-lgcc -plugin-opt=-pass-through=-lc -plugin-opt=-pass-through=-lgcc_s -plugin-opt=-pass-through=-lgcc --sysroot=/home/niu/work/lib/gcc-linaro-6.5.0-2018.12-x86_64_aarch64-linux-gnu/bin/../aarch64-linux-gnu/libc --build-id --eh-frame-hdr -export-dynamic -dynamic-linker /lib/ld-linux-aarch64.so.1 -X -EL -maarch64linux --fix-cortex-a53-835769 --fix-cortex-a53-843419 -o cmTC_79704 /home/niu/work/lib/gcc-linaro-6.5.0-2018.12-x86_64_aarch64-linux-gnu/bin/../aarch64-linux-gnu/libc/usr/lib/crt1.o /home/niu/work/lib/gcc-linaro-6.5.0-2018.12-x86_64_aarch64-linux-gnu/bin/../aarch64-linux-gnu/libc/usr/lib/crti.o /home/niu/work/lib/gcc-linaro-6.5.0-2018.12-x86_64_aarch64-linux-gnu/bin/../lib/gcc/aarch64-linux-gnu/6.5.0/crtbegin.o -L/home/niu/work/lib/gcc-linaro-6.5.0-2018.12-x86_64_aarch64-linux-gnu/bin/../lib/gcc/aarch64-linux-gnu/6.5.0 -L/home/niu/work/lib/gcc-linaro-6.5.0-2018.12-x86_64_aarch64-linux-gnu/bin/../lib/gcc/aarch64-linux-gnu -L/home/niu/work/lib/gcc-linaro-6.5.0-2018.12-x86_64_aarch64-linux-gnu/bin/../lib/gcc -L/home/niu/work/lib/gcc-linaro-6.5.0-2018.12-x86_64_aarch64-linux-gnu/bin/../lib/gcc/aarch64-linux-gnu/6.5.0/../../../../aarch64-linux-gnu/lib/../lib64 -L/home/niu/work/lib/gcc-linaro-6.5.0-2018.12-x86_64_aarch64-linux-gnu/bin/../lib/gcc/aarch64-linux-gnu/6.5.0/../../../../aarch64-linux-gnu/lib -L/home/niu/work/lib/gcc-linaro-6.5.0-2018.12-x86_64_aarch64-linux-gnu/bin/../aarch64-linux-gnu/libc/lib -L/home/niu/work/lib/gcc-linaro-6.5.0-2018.12-x86_64_aarch64-linux-gnu/bin/../aarch64-linux-gnu/libc/usr/lib CMakeFiles/cmTC_79704.dir/CMakeCXXCompilerABI.cpp.o -lstdc++ -lm -lgcc_s -lgcc -lc -lgcc_s -lgcc /home/niu/work/lib/gcc-linaro-6.5.0-2018.12-x86_64_aarch64-linux-gnu/bin/../lib/gcc/aarch64-linux-gnu/6.5.0/crtend.o /home/niu/work/lib/gcc-linaro-6.5.0-2018.12-x86_64_aarch64-linux-gnu/bin/../aarch64-linux-gnu/libc/usr/lib/crtn.o
COLLECT_GCC_OPTIONS='-v' '-rdynamic' '-o' 'cmTC_79704' '-shared-libgcc' '-march=armv8-a' '-mlittle-endian' '-mabi=lp64'
gmake[1]: Leaving directory '/home/niu/work/code/mqtt/src/build_aarch64/CMakeFiles/CMakeTmp'



Parsed CXX implicit include dir info from above output: rv=done
  found start of include info
  found start of implicit include info
    add: [/home/niu/work/lib/gcc-linaro-6.5.0-2018.12-x86_64_aarch64-linux-gnu/bin/../lib/gcc/aarch64-linux-gnu/6.5.0/../../../../aarch64-linux-gnu/include/c++/6.5.0]
    add: [/home/niu/work/lib/gcc-linaro-6.5.0-2018.12-x86_64_aarch64-linux-gnu/bin/../lib/gcc/aarch64-linux-gnu/6.5.0/../../../../aarch64-linux-gnu/include/c++/6.5.0/aarch64-linux-gnu]
    add: [/home/niu/work/lib/gcc-linaro-6.5.0-2018.12-x86_64_aarch64-linux-gnu/bin/../lib/gcc/aarch64-linux-gnu/6.5.0/../../../../aarch64-linux-gnu/include/c++/6.5.0/backward]
    add: [/home/niu/work/lib/gcc-linaro-6.5.0-2018.12-x86_64_aarch64-linux-gnu/bin/../lib/gcc/aarch64-linux-gnu/6.5.0/include]
    add: [/home/niu/work/lib/gcc-linaro-6.5.0-2018.12-x86_64_aarch64-linux-gnu/bin/../lib/gcc/aarch64-linux-gnu/6.5.0/include-fixed]
    add: [/home/niu/work/lib/gcc-linaro-6.5.0-2018.12-x86_64_aarch64-linux-gnu/bin/../lib/gcc/aarch64-linux-gnu/6.5.0/../../../../aarch64-linux-gnu/include]
    add: [/home/niu/work/lib/gcc-linaro-6.5.0-2018.12-x86_64_aarch64-linux-gnu/bin/../aarch64-linux-gnu/libc/usr/include]
  end of search list found
  collapse include dir [/home/niu/work/lib/gcc-linaro-6.5.0-2018.12-x86_64_aarch64-linux-gnu/bin/../lib/gcc/aarch64-linux-gnu/6.5.0/../../../../aarch64-linux-gnu/include/c++/6.5.0] ==> [/home/niu/work/lib/gcc-linaro-6.5.0-2018.12-x86_64_aarch64-linux-gnu/aarch64-linux-gnu/include/c++/6.5.0]
  collapse include dir [/home/niu/work/lib/gcc-linaro-6.5.0-2018.12-x86_64_aarch64-linux-gnu/bin/../lib/gcc/aarch64-linux-gnu/6.5.0/../../../../aarch64-linux-gnu/include/c++/6.5.0/aarch64-linux-gnu] ==> [/home/niu/work/lib/gcc-linaro-6.5.0-2018.12-x86_64_aarch64-linux-gnu/aarch64-linux-gnu/include/c++/6.5.0/aarch64-linux-gnu]
  collapse include dir [/home/niu/work/lib/gcc-linaro-6.5.0-2018.12-x86_64_aarch64-linux-gnu/bin/../lib/gcc/aarch64-linux-gnu/6.5.0/../../../../aarch64-linux-gnu/include/c++/6.5.0/backward] ==> [/home/niu/work/lib/gcc-linaro-6.5.0-2018.12-x86_64_aarch64-linux-gnu/aarch64-linux-gnu/include/c++/6.5.0/backward]
  collapse include dir [/home/niu/work/lib/gcc-linaro-6.5.0-2018.12-x86_64_aarch64-linux-gnu/bin/../lib/gcc/aarch64-linux-gnu/6.5.0/include] ==> [/home/niu/work/lib/gcc-linaro-6.5.0-2018.12-x86_64_aarch64-linux-gnu/lib/gcc/aarch64-linux-gnu/6.5.0/include]
  collapse include dir [/home/niu/work/lib/gcc-linaro-6.5.0-2018.12-x86_64_aarch64-linux-gnu/bin/../lib/gcc/aarch64-linux-gnu/6.5.0/include-fixed] ==> [/home/niu/work/lib/gcc-linaro-6.5.0-2018.12-x86_64_aarch64-linux-gnu/lib/gcc/aarch64-linux-gnu/6.5.0/include-fixed]
  collapse include dir [/home/niu/work/lib/gcc-linaro-6.5.0-2018.12-x86_64_aarch64-linux-gnu/bin/../lib/gcc/aarch64-linux-gnu/6.5.0/../../../../aarch64-linux-gnu/include] ==> [/home/niu/work/lib/gcc-linaro-6.5.0-2018.12-x86_64_aarch64-linux-gnu/aarch64-linux-gnu/include]
  collapse include dir [/home/niu/work/lib/gcc-linaro-6.5.0-2018.12-x86_64_aarch64-linux-gnu/bin/../aarch64-linux-gnu/libc/usr/include] ==> [/home/niu/work/lib/gcc-linaro-6.5.0-2018.12-x86_64_aarch64-linux-gnu/aarch64-linux-gnu/libc/usr/include]
  implicit include dirs: [/home/niu/work/lib/gcc-linaro-6.5.0-2018.12-x86_64_aarch64-linux-gnu/aarch64-linux-gnu/include/c++/6.5.0;/home/niu/work/lib/gcc-linaro-6.5.0-2018.12-x86_64_aarch64-linux-gnu/aarch64-linux-gnu/include/c++/6.5.0/aarch64-linux-gnu;/home/niu/work/lib/gcc-linaro-6.5.0-2018.12-x86_64_aarch64-linux-gnu/aarch64-linux-gnu/include/c++/6.5.0/backward;/home/niu/work/lib/gcc-linaro-6.5.0-2018.12-x86_64_aarch64-linux-gnu/lib/gcc/aarch64-linux-gnu/6.5.0/include;/home/niu/work/lib/gcc-linaro-6.5.0-2018.12-x86_64_aarch64-linux-gnu/lib/gcc/aarch64-linux-gnu/6.5.0/include-fixed;/home/niu/work/lib/gcc-linaro-6.5.0-2018.12-x86_64_aarch64-linux-gnu/aarch64-linux-gnu/include;/home/niu/work/lib/gcc-linaro-6.5.0-2018.12-x86_64_aarch64-linux-gnu/aarch64-linux-gnu/libc/usr/include]


Parsed CXX implicit link information from above output:
  link line regex: [^( *|.*[/\])(aarch64-linux-gnu-ld|CMAKE_LINK_STARTFILE-NOTFOUND|([^/\]+-)?ld|collect2)[^/\]*( |$)]
  ignore line: [Change Dir: /home/niu/work/code/mqtt/src/build_aarch64/CMakeFiles/CMakeTmp]
  ignore line: []
  ignore line: [Run Build Command(s):/usr/bin/gmake -f Makefile cmTC_79704/fast && /usr/bin/gmake  -f CMakeFiles/cmTC_79704.dir/build.make CMakeFiles/cmTC_79704.dir/build]
  ignore line: [gmake[1]: Entering directory '/home/niu/work/code/mqtt/src/build_aarch64/CMakeFiles/CMakeTmp']
  ignore line: [Building CXX object CMakeFiles/cmTC_79704.dir/CMakeCXXCompilerABI.cpp.o]
  ignore line: [/home/niu/work/lib/gcc-linaro-6.5.0-2018.12-x86_64_aarch64-linux-gnu/bin/aarch64-linux-gnu-g++   -v -o CMakeFiles/cmTC_79704.dir/CMakeCXXCompilerABI.cpp.o -c /usr/share/cmake-3.22/Modules/CMakeCXXCompilerABI.cpp]
  ignore line: [Using built-in specs.]
  ignore line: [COLLECT_GCC=/home/niu/work/lib/gcc-linaro-6.5.0-2018.12-x86_64_aarch64-linux-gnu/bin/aarch64-linux-gnu-g++]
  ignore line: [Target: aarch64-linux-gnu]
  ignore line: [Configured with: '/home/tcwg-buildslave/workspace/tcwg-make-release_1/snapshots/gcc.git~linaro-6.5-2018.12/configure' SHELL=/bin/bash --with-mpc=/home/tcwg-buildslave/workspace/tcwg-make-release_1/_build/builds/destdir/x86_64-unknown-linux-gnu --with-mpfr=/home/tcwg-buildslave/workspace/tcwg-make-release_1/_build/builds/destdir/x86_64-unknown-linux-gnu --with-gmp=/home/tcwg-buildslave/workspace/tcwg-make-release_1/_build/builds/destdir/x86_64-unknown-linux-gnu --with-gnu-as --with-gnu-ld --disable-libmudflap --enable-lto --enable-shared --without-included-gettext --enable-nls --with-system-zlib --disable-sjlj-exceptions --enable-gnu-unique-object --enable-linker-build-id --disable-libstdcxx-pch --enable-c99 --enable-clocale=gnu --enable-libstdcxx-debug --enable-long-long --with-cloog=no --with-ppl=no --with-isl=no --disable-multilib --enable-fix-cortex-a53-835769 --enable-fix-cortex-a53-843419 --with-arch=armv8-a --enable-threads=posix --enable-multiarch --enable-libstdcxx-time=yes --enable-gnu-indirect-function --with-build-sysroot=/home/tcwg-buildslave/workspace/tcwg-make-release_1/_build/sysroots/aarch64-linux-gnu --with-sysroot=/home/tcwg-buildslave/workspace/tcwg-make-release_1/_build/builds/destdir/x86_64-unknown-linux-gnu/aarch64-linux-gnu/libc --enable-checking=release --disable-bootstrap --enable-languages=c,c++,fortran,lto --build=x86_64-unknown-linux-gnu --host=x86_64-unknown-linux-gnu --target=aarch64-linux-gnu --prefix=/home/tcwg-buildslave/workspace/tcwg-make-release_1/_build/builds/destdir/x86_64-unknown-linux-gnu]
  ignore line: [Thread model: posix]
  ignore line: [gcc version 6.5.0 (Linaro GCC 6.5-2018.12) ]
  ignore line: [COLLECT_GCC_OPTIONS='-v' '-o' 'CMakeFiles/cmTC_79704.dir/CMakeCXXCompilerABI.cpp.o' '-c' '-shared-libgcc' '-march=armv8-a' '-mlittle-endian' '-mabi=lp64']
  ignore line: [ /home/niu/work/lib/gcc-linaro-6.5.0-2018.12-x86_64_aarch64-linux-gnu/bin/../libexec/gcc/aarch64-linux-gnu/6.5.0/cc1plus -quiet -v -imultiarch aarch64-linux-gnu -iprefix /home/niu/work/lib/gcc-linaro-6.5.0-2018.12-x86_64_aarch64-linux-gnu/bin/../lib/gcc/aarch64-linux-gnu/6.5.0/ -isysroot /home/niu/work/lib/gcc-linaro-6.5.0-2018.12-x86_64_aarch64-linux-gnu/bin/../aarch64-linux-gnu/libc -D_GNU_SOURCE /usr/share/cmake-3.22/Modules/CMakeCXXCompilerABI.cpp -quiet -dumpbase CMakeCXXCompilerABI.cpp -march=armv8-a -mlittle-endian -mabi=lp64 -auxbase-strip CMakeFiles/cmTC_79704.dir/CMakeCXXCompilerABI.cpp.o -version -o /tmp/ccbQvcAF.s]
  ignore line: [GNU C++14 (Linaro GCC 6.5-2018.12) version 6.5.0 (aarch64-linux-gnu)]
  ignore line: [	compiled by GNU C version 4.8.4  GMP version 6.1.0  MPFR version 3.1.4  MPC version 1.0.3  isl version none]
  ignore line: [GGC heuristics: --param ggc-min-expand=100 --param ggc-min-heapsize=131072]
  ignore line: [ignoring duplicate directory "/home/niu/work/lib/gcc-linaro-6.5.0-2018.12-x86_64_aarch64-linux-gnu/bin/../lib/gcc/../../lib/gcc/aarch64-linux-gnu/6.5.0/../../../../aarch64-linux-gnu/include/c++/6.5.0"]
  ignore line: [ignoring duplicate directory "/home/niu/work/lib/gcc-linaro-6.5.0-2018.12-x86_64_aarch64-linux-gnu/bin/../lib/gcc/../../lib/gcc/aarch64-linux-gnu/6.5.0/../../../../aarch64-linux-gnu/include/c++/6.5.0/aarch64-linux-gnu"]
  ignore line: [ignoring duplicate directory "/home/niu/work/lib/gcc-linaro-6.5.0-2018.12-x86_64_aarch64-linux-gnu/bin/../lib/gcc/../../lib/gcc/aarch64-linux-gnu/6.5.0/../../../../aarch64-linux-gnu/include/c++/6.5.0/backward"]
  ignore line: [ignoring duplicate directory "/home/niu/work/lib/gcc-linaro-6.5.0-2018.12-x86_64_aarch64-linux-gnu/bin/../lib/gcc/../../lib/gcc/aarch64-linux-gnu/6.5.0/include"]
  ignore line: [ignoring nonexistent directory "/home/niu/work/lib/gcc-linaro-6.5.0-2018.12-x86_64_aarch64-linux-gnu/bin/../aarch64-linux-gnu/libc/usr/local/include/aarch64-linux-gnu"]
  ignore line: [ignoring nonexistent directory "/home/niu/work/lib/gcc-linaro-6.5.0-2018.12-x86_64_aarch64-linux-gnu/bin/../aarch64-linux-gnu/libc/usr/local/include"]
  ignore line: [ignoring duplicate directory "/home/niu/work/lib/gcc-linaro-6.5.0-2018.12-x86_64_aarch64-linux-gnu/bin/../lib/gcc/../../lib/gcc/aarch64-linux-gnu/6.5.0/include-fixed"]
  ignore line: [ignoring duplicate directory "/home/niu/work/lib/gcc-linaro-6.5.0-2018.12-x86_64_aarch64-linux-gnu/bin/../lib/gcc/../../lib/gcc/aarch64-linux-gnu/6.5.0/../../../../aarch64-linux-gnu/include"]
  ignore line: [ignoring nonexistent directory "/home/niu/work/lib/gcc-linaro-6.5.0-2018.12-x86_64_aarch64-linux-gnu/bin/../aarch64-linux-gnu/libc/usr/include/aarch64-linux-gnu"]
  ignore line: [#include "..." search starts here:]
  ignore line: [#include <...> search starts here:]
  ignore line: [ /home/niu/work/lib/gcc-linaro-6.5.0-2018.12-x86_64_aarch64-linux-gnu/bin/../lib/gcc/aarch64-linux-gnu/6.5.0/../../../../aarch64-linux-gnu/include/c++/6.5.0]
  ignore line: [ /home/niu/work/lib/gcc-linaro-6.5.0-2018.12-x86_64_aarch64-linux-gnu/bin/../lib/gcc/aarch64-linux-gnu/6.5.0/../../../../aarch64-linux-gnu/include/c++/6.5.0/aarch64-linux-gnu]
  ignore line: [ /home/niu/work/lib/gcc-linaro-6.5.0-2018.12-x86_64_aarch64-linux-gnu/bin/../lib/gcc/aarch64-linux-gnu/6.5.0/../../../../aarch64-linux-gnu/include/c++/6.5.0/backward]
  ignore line: [ /home/niu/work/lib/gcc-linaro-6.5.0-2018.12-x86_64_aarch64-linux-gnu/bin/../lib/gcc/aarch64-linux-gnu/6.5.0/include]
  ignore line: [ /home/niu/work/lib/gcc-linaro-6.5.0-2018.12-x86_64_aarch64-linux-gnu/bin/../lib/gcc/aarch64-linux-gnu/6.5.0/include-fixed]
  ignore line: [ /home/niu/work/lib/gcc-linaro-6.5.0-2018.12-x86_64_aarch64-linux-gnu/bin/../lib/gcc/aarch64-linux-gnu/6.5.0/../../../../aarch64-linux-gnu/include]
  ignore line: [ /home/niu/work/lib/gcc-linaro-6.5.0-2018.12-x86_64_aarch64-linux-gnu/bin/../aarch64-linux-gnu/libc/usr/include]
  ignore line: [End of search list.]
  ignore line: [GNU C++14 (Linaro GCC 6.5-2018.12) version 6.5.0 (aarch64-linux-gnu)]
  ignore line: [	compiled by GNU C version 4.8.4  GMP version 6.1.0  MPFR version 3.1.4  MPC version 1.0.3  isl version none]
  ignore line: [GGC heuristics: --param ggc-min-expand=100 --param ggc-min-heapsize=131072]
  ignore line: [Compiler executable checksum: decbb0d1fdf8f27b621dd5abd8f528b3]
  ignore line: [COLLECT_GCC_OPTIONS='-v' '-o' 'CMakeFiles/cmTC_79704.dir/CMakeCXXCompilerABI.cpp.o' '-c' '-shared-libgcc' '-march=armv8-a' '-mlittle-endian' '-mabi=lp64']
  ignore line: [ /home/niu/work/lib/gcc-linaro-6.5.0-2018.12-x86_64_aarch64-linux-gnu/bin/../lib/gcc/aarch64-linux-gnu/6.5.0/../../../../aarch64-linux-gnu/bin/as -v -EL -march=armv8-a -mabi=lp64 -o CMakeFiles/cmTC_79704.dir/CMakeCXXCompilerABI.cpp.o /tmp/ccbQvcAF.s]
  ignore line: [GNU assembler version 2.27.0 (aarch64-linux-gnu) using BFD version (Linaro_Binutils-2018.12) 2.27.0.20161229]
  ignore line: [COMPILER_PATH=/home/niu/work/lib/gcc-linaro-6.5.0-2018.12-x86_64_aarch64-linux-gnu/bin/../libexec/gcc/aarch64-linux-gnu/6.5.0/:/home/niu/work/lib/gcc-linaro-6.5.0-2018.12-x86_64_aarch64-linux-gnu/bin/../libexec/gcc/aarch64-linux-gnu/:/home/niu/work/lib/gcc-linaro-6.5.0-2018.12-x86_64_aarch64-linux-gnu/bin/../libexec/gcc/:/home/niu/work/lib/gcc-linaro-6.5.0-2018.12-x86_64_aarch64-linux-gnu/bin/../lib/gcc/aarch64-linux-gnu/6.5.0/../../../../aarch64-linux-gnu/bin/]
  ignore line: [LIBRARY_PATH=/home/niu/work/lib/gcc-linaro-6.5.0-2018.12-x86_64_aarch64-linux-gnu/bin/../lib/gcc/aarch64-linux-gnu/6.5.0/:/home/niu/work/lib/gcc-linaro-6.5.0-2018.12-x86_64_aarch64-linux-gnu/bin/../lib/gcc/aarch64-linux-gnu/:/home/niu/work/lib/gcc-linaro-6.5.0-2018.12-x86_64_aarch64-linux-gnu/bin/../lib/gcc/:/home/niu/work/lib/gcc-linaro-6.5.0-2018.12-x86_64_aarch64-linux-gnu/bin/../lib/gcc/aarch64-linux-gnu/6.5.0/../../../../aarch64-linux-gnu/lib/../lib64/:/home/niu/work/lib/gcc-linaro-6.5.0-2018.12-x86_64_aarch64-linux-gnu/bin/../lib/gcc/aarch64-linux-gnu/6.5.0/../../../../aarch64-linux-gnu/lib/:/home/niu/work/lib/gcc-linaro-6.5.0-2018.12-x86_64_aarch64-linux-gnu/bin/../aarch64-linux-gnu/libc/lib/:/home/niu/work/lib/gcc-linaro-6.5.0-2018.12-x86_64_aarch64-linux-gnu/bin/../aarch64-linux-gnu/libc/usr/lib/]
  ignore line: [COLLECT_GCC_OPTIONS='-v' '-o' 'CMakeFiles/cmTC_79704.dir/CMakeCXXCompilerABI.cpp.o' '-c' '-shared-libgcc' '-march=armv8-a' '-mlittle-endian' '-mabi=lp64']
  ignore line: [Linking CXX executable cmTC_79704]
  ignore line: [/usr/bin/cmake -E cmake_link_script CMakeFiles/cmTC_79704.dir/link.txt --verbose=1]
  ignore line: [/home/niu/work/lib/gcc-linaro-6.5.0-2018.12-x86_64_aarch64-linux-gnu/bin/aarch64-linux-gnu-g++  -v -rdynamic CMakeFiles/cmTC_79704.dir/CMakeCXXCompilerABI.cpp.o -o cmTC_79704 ]
  ignore line: [Using built-in specs.]
  ignore line: [COLLECT_GCC=/home/niu/work/lib/gcc-linaro-6.5.0-2018.12-x86_64_aarch64-linux-gnu/bin/aarch64-linux-gnu-g++]
  ignore line: [COLLECT_LTO_WRAPPER=/home/niu/work/lib/gcc-linaro-6.5.0-2018.12-x86_64_aarch64-linux-gnu/bin/../libexec/gcc/aarch64-linux-gnu/6.5.0/lto-wrapper]
  ignore line: [Target: aarch64-linux-gnu]
  ignore line: [Configured with: '/home/tcwg-buildslave/workspace/tcwg-make-release_1/snapshots/gcc.git~linaro-6.5-2018.12/configure' SHELL=/bin/bash --with-mpc=/home/tcwg-buildslave/workspace/tcwg-make-release_1/_build/builds/destdir/x86_64-unknown-linux-gnu --with-mpfr=/home/tcwg-buildslave/workspace/tcwg-make-release_1/_build/builds/destdir/x86_64-unknown-linux-gnu --with-gmp=/home/tcwg-buildslave/workspace/tcwg-make-release_1/_build/builds/destdir/x86_64-unknown-linux-gnu --with-gnu-as --with-gnu-ld --disable-libmudflap --enable-lto --enable-shared --without-included-gettext --enable-nls --with-system-zlib --disable-sjlj-exceptions --enable-gnu-unique-object --enable-linker-build-id --disable-libstdcxx-pch --enable-c99 --enable-clocale=gnu --enable-libstdcxx-debug --enable-long-long --with-cloog=no --with-ppl=no --with-isl=no --disable-multilib --enable-fix-cortex-a53-835769 --enable-fix-cortex-a53-843419 --with-arch=armv8-a --enable-threads=posix --enable-multiarch --enable-libstdcxx-time=yes --enable-gnu-indirect-function --with-build-sysroot=/home/tcwg-buildslave/workspace/tcwg-make-release_1/_build/sysroots/aarch64-linux-gnu --with-sysroot=/home/tcwg-buildslave/workspace/tcwg-make-release_1/_build/builds/destdir/x86_64-unknown-linux-gnu/aarch64-linux-gnu/libc --enable-checking=release --disable-bootstrap --enable-languages=c,c++,fortran,lto --build=x86_64-unknown-linux-gnu --host=x86_64-unknown-linux-gnu --target=aarch64-linux-gnu --prefix=/home/tcwg-buildslave/workspace/tcwg-make-release_1/_build/builds/destdir/x86_64-unknown-linux-gnu]
  ignore line: [Thread model: posix]
  ignore line: [gcc version 6.5.0 (Linaro GCC 6.5-2018.12) ]
  ignore line: [COMPILER_PATH=/home/niu/work/lib/gcc-linaro-6.5.0-2018.12-x86_64_aarch64-linux-gnu/bin/../libexec/gcc/aarch64-linux-gnu/6.5.0/:/home/niu/work/lib/gcc-linaro-6.5.0-2018.12-x86_64_aarch64-linux-gnu/bin/../libexec/gcc/aarch64-linux-gnu/:/home/niu/work/lib/gcc-linaro-6.5.0-2018.12-x86_64_aarch64-linux-gnu/bin/../libexec/gcc/:/home/niu/work/lib/gcc-linaro-6.5.0-2018.12-x86_64_aarch64-linux-gnu/bin/../lib/gcc/aarch64-linux-gnu/6.5.0/../../../../aarch64-linux-gnu/bin/]
  ignore line: [LIBRARY_PATH=/home/niu/work/lib/gcc-linaro-6.5.0-2018.12-x86_64_aarch64-linux-gnu/bin/../lib/gcc/aarch64-linux-gnu/6.5.0/:/home/niu/work/lib/gcc-linaro-6.5.0-2018.12-x86_64_aarch64-linux-gnu/bin/../lib/gcc/aarch64-linux-gnu/:/home/niu/work/lib/gcc-linaro-6.5.0-2018.12-x86_64_aarch64-linux-gnu/bin/../lib/gcc/:/home/niu/work/lib/gcc-linaro-6.5.0-2018.12-x86_64_aarch64-linux-gnu/bin/../lib/gcc/aarch64-linux-gnu/6.5.0/../../../../aarch64-linux-gnu/lib/../lib64/:/home/niu/work/lib/gcc-linaro-6.5.0-2018.12-x86_64_aarch64-linux-gnu/bin/../lib/gcc/aarch64-linux-gnu/6.5.0/../../../../aarch64-linux-gnu/lib/:/home/niu/work/lib/gcc-linaro-6.5.0-2018.12-x86_64_aarch64-linux-gnu/bin/../aarch64-linux-gnu/libc/lib/:/home/niu/work/lib/gcc-linaro-6.5.0-2018.12-x86_64_aarch64-linux-gnu/bin/../aarch64-linux-gnu/libc/usr/lib/]
  ignore line: [COLLECT_GCC_OPTIONS='-v' '-rdynamic' '-o' 'cmTC_79704' '-shared-libgcc' '-march=armv8-a' '-mlittle-endian' '-mabi=lp64']
  link line: [ /home/niu/work/lib/gcc-linaro-6.5.0-2018.12-x86_64_aarch64-linux-gnu/bin/../libexec/gcc/aarch64-linux-gnu/6.5.0/collect2 -plugin /home/niu/work/lib/gcc-linaro-6.5.0-2018.12-x86_64_aarch64-linux-gnu/bin/../libexec/gcc/aarch64-linux-gnu/6.5.0/liblto_plugin.so -plugin-opt=/home/niu/work/lib/gcc-linaro-6.5.0-2018.12-x86_64_aarch64-linux-gnu/bin/../libexec/gcc/aarch64-linux-gnu/6.5.0/lto-wrapper -plugin-opt=-fresolution=/tmp/ccLZaUx7.res -plugin-opt=-pass-through=-lgcc_s -plugin-opt=-pass-through=-lgcc -plugin-opt=-pass-through=-lc -plugin-opt=-pass-through=-lgcc_s -plugin-opt=-pass-through=-lgcc --sysroot=/home/niu/work/lib/gcc-linaro-6.5.0-2018.12-x86_64_aarch64-linux-gnu/bin/../aarch64-linux-gnu/libc --build-id --eh-frame-hdr -export-dynamic -dynamic-linker /lib/ld-linux-aarch64.so.1 -X -EL -maarch64linux --fix-cortex-a53-835769 --fix-cortex-a53-843419 -o cmTC_79704 /home/niu/work/lib/gcc-linaro-6.5.0-2018.12-x86_64_aarch64-linux-gnu/bin/../aarch64-linux-gnu/libc/usr/lib/crt1.o /home/niu/work/lib/gcc-linaro-6.5.0-2018.12-x86_64_aarch64-linux-gnu/bin/../aarch64-linux-gnu/libc/usr/lib/crti.o /home/niu/work/lib/gcc-linaro-6.5.0-2018.12-x86_64_aarch64-linux-gnu/bin/../lib/gcc/aarch64-linux-gnu/6.5.0/crtbegin.o -L/home/niu/work/lib/gcc-linaro-6.5.0-2018.12-x86_64_aarch64-linux-gnu/bin/../lib/gcc/aarch64-linux-gnu/6.5.0 -L/home/niu/work/lib/gcc-linaro-6.5.0-2018.12-x86_64_aarch64-linux-gnu/bin/../lib/gcc/aarch64-linux-gnu -L/home/niu/work/lib/gcc-linaro-6.5.0-2018.12-x86_64_aarch64-linux-gnu/bin/../lib/gcc -L/home/niu/work/lib/gcc-linaro-6.5.0-2018.12-x86_64_aarch64-linux-gnu/bin/../lib/gcc/aarch64-linux-gnu/6.5.0/../../../../aarch64-linux-gnu/lib/../lib64 -L/home/niu/work/lib/gcc-linaro-6.5.0-2018.12-x86_64_aarch64-linux-gnu/bin/../lib/gcc/aarch64-linux-gnu/6.5.0/../../../../aarch64-linux-gnu/lib -L/home/niu/work/lib/gcc-linaro-6.5.0-2018.12-x86_64_aarch64-linux-gnu/bin/../aarch64-linux-gnu/libc/lib -L/home/niu/work/lib/gcc-linaro-6.5.0-2018.12-x86_64_aarch64-linux-gnu/bin/../aarch64-linux-gnu/libc/usr/lib CMakeFiles/cmTC_79704.dir/CMakeCXXCompilerABI.cpp.o -lstdc++ -lm -lgcc_s -lgcc -lc -lgcc_s -lgcc /home/niu/work/lib/gcc-linaro-6.5.0-2018.12-x86_64_aarch64-linux-gnu/bin/../lib/gcc/aarch64-linux-gnu/6.5.0/crtend.o /home/niu/work/lib/gcc-linaro-6.5.0-2018.12-x86_64_aarch64-linux-gnu/bin/../aarch64-linux-gnu/libc/usr/lib/crtn.o]
    arg [/home/niu/work/lib/gcc-linaro-6.5.0-2018.12-x86_64_aarch64-linux-gnu/bin/../libexec/gcc/aarch64-linux-gnu/6.5.0/collect2] ==> ignore
    arg [-plugin] ==> ignore
    arg [/home/niu/work/lib/gcc-linaro-6.5.0-2018.12-x86_64_aarch64-linux-gnu/bin/../libexec/gcc/aarch64-linux-gnu/6.5.0/liblto_plugin.so] ==> ignore
    arg [-plugin-opt=/home/niu/work/lib/gcc-linaro-6.5.0-2018.12-x86_64_aarch64-linux-gnu/bin/../libexec/gcc/aarch64-linux-gnu/6.5.0/lto-wrapper] ==> ignore
    arg [-plugin-opt=-fresolution=/tmp/ccLZaUx7.res] ==> ignore
    arg [-plugin-opt=-pass-through=-lgcc_s] ==> ignore
    arg [-plugin-opt=-pass-through=-lgcc] ==> ignore
    arg [-plugin-opt=-pass-through=-lc] ==> ignore
    arg [-plugin-opt=-pass-through=-lgcc_s] ==> ignore
    arg [-plugin-opt=-pass-through=-lgcc] ==> ignore
    arg [--sysroot=/home/niu/work/lib/gcc-linaro-6.5.0-2018.12-x86_64_aarch64-linux-gnu/bin/../aarch64-linux-gnu/libc] ==> ignore
    arg [--build-id] ==> ignore
    arg [--eh-frame-hdr] ==> ignore
    arg [-export-dynamic] ==> ignore
    arg [-dynamic-linker] ==> ignore
    arg [/lib/ld-linux-aarch64.so.1] ==> ignore
    arg [-X] ==> ignore
    arg [-EL] ==> ignore
    arg [-maarch64linux] ==> ignore
    arg [--fix-cortex-a53-835769] ==> ignore
    arg [--fix-cortex-a53-843419] ==> ignore
    arg [-o] ==> ignore
    arg [cmTC_79704] ==> ignore
    arg [/home/niu/work/lib/gcc-linaro-6.5.0-2018.12-x86_64_aarch64-linux-gnu/bin/../aarch64-linux-gnu/libc/usr/lib/crt1.o] ==> obj [/home/niu/work/lib/gcc-linaro-6.5.0-2018.12-x86_64_aarch64-linux-gnu/bin/../aarch64-linux-gnu/libc/usr/lib/crt1.o]
    arg [/home/niu/work/lib/gcc-linaro-6.5.0-2018.12-x86_64_aarch64-linux-gnu/bin/../aarch64-linux-gnu/libc/usr/lib/crti.o] ==> obj [/home/niu/work/lib/gcc-linaro-6.5.0-2018.12-x86_64_aarch64-linux-gnu/bin/../aarch64-linux-gnu/libc/usr/lib/crti.o]
    arg [/home/niu/work/lib/gcc-linaro-6.5.0-2018.12-x86_64_aarch64-linux-gnu/bin/../lib/gcc/aarch64-linux-gnu/6.5.0/crtbegin.o] ==> obj [/home/niu/work/lib/gcc-linaro-6.5.0-2018.12-x86_64_aarch64-linux-gnu/bin/../lib/gcc/aarch64-linux-gnu/6.5.0/crtbegin.o]
    arg [-L/home/niu/work/lib/gcc-linaro-6.5.0-2018.12-x86_64_aarch64-linux-gnu/bin/../lib/gcc/aarch64-linux-gnu/6.5.0] ==> dir [/home/niu/work/lib/gcc-linaro-6.5.0-2018.12-x86_64_aarch64-linux-gnu/bin/../lib/gcc/aarch64-linux-gnu/6.5.0]
    arg [-L/home/niu/work/lib/gcc-linaro-6.5.0-2018.12-x86_64_aarch64-linux-gnu/bin/../lib/gcc/aarch64-linux-gnu] ==> dir [/home/niu/work/lib/gcc-linaro-6.5.0-2018.12-x86_64_aarch64-linux-gnu/bin/../lib/gcc/aarch64-linux-gnu]
    arg [-L/home/niu/work/lib/gcc-linaro-6.5.0-2018.12-x86_64_aarch64-linux-gnu/bin/../lib/gcc] ==> dir [/home/niu/work/lib/gcc-linaro-6.5.0-2018.12-x86_64_aarch64-linux-gnu/bin/../lib/gcc]
    arg [-L/home/niu/work/lib/gcc-linaro-6.5.0-2018.12-x86_64_aarch64-linux-gnu/bin/../lib/gcc/aarch64-linux-gnu/6.5.0/../../../../aarch64-linux-gnu/lib/../lib64] ==> dir [/home/niu/work/lib/gcc-linaro-6.5.0-2018.12-x86_64_aarch64-linux-gnu/bin/../lib/gcc/aarch64-linux-gnu/6.5.0/../../../../aarch64-linux-gnu/lib/../lib64]
    arg [-L/home/niu/work/lib/gcc-linaro-6.5.0-2018.12-x86_64_aarch64-linux-gnu/bin/../lib/gcc/aarch64-linux-gnu/6.5.0/../../../../aarch64-linux-gnu/lib] ==> dir [/home/niu/work/lib/gcc-linaro-6.5.0-2018.12-x86_64_aarch64-linux-gnu/bin/../lib/gcc/aarch64-linux-gnu/6.5.0/../../../../aarch64-linux-gnu/lib]
    arg [-L/home/niu/work/lib/gcc-linaro-6.5.0-2018.12-x86_64_aarch64-linux-gnu/bin/../aarch64-linux-gnu/libc/lib] ==> dir [/home/niu/work/lib/gcc-linaro-6.5.0-2018.12-x86_64_aarch64-linux-gnu/bin/../aarch64-linux-gnu/libc/lib]
    arg [-L/home/niu/work/lib/gcc-linaro-6.5.0-2018.12-x86_64_aarch64-linux-gnu/bin/../aarch64-linux-gnu/libc/usr/lib] ==> dir [/home/niu/work/lib/gcc-linaro-6.5.0-2018.12-x86_64_aarch64-linux-gnu/bin/../aarch64-linux-gnu/libc/usr/lib]
    arg [CMakeFiles/cmTC_79704.dir/CMakeCXXCompilerABI.cpp.o] ==> ignore
    arg [-lstdc++] ==> lib [stdc++]
    arg [-lm] ==> lib [m]
    arg [-lgcc_s] ==> lib [gcc_s]
    arg [-lgcc] ==> lib [gcc]
    arg [-lc] ==> lib [c]
    arg [-lgcc_s] ==> lib [gcc_s]
    arg [-lgcc] ==> lib [gcc]
    arg [/home/niu/work/lib/gcc-linaro-6.5.0-2018.12-x86_64_aarch64-linux-gnu/bin/../lib/gcc/aarch64-linux-gnu/6.5.0/crtend.o] ==> obj [/home/niu/work/lib/gcc-linaro-6.5.0-2018.12-x86_64_aarch64-linux-gnu/bin/../lib/gcc/aarch64-linux-gnu/6.5.0/crtend.o]
    arg [/home/niu/work/lib/gcc-linaro-6.5.0-2018.12-x86_64_aarch64-linux-gnu/bin/../aarch64-linux-gnu/libc/usr/lib/crtn.o] ==> obj [/home/niu/work/lib/gcc-linaro-6.5.0-2018.12-x86_64_aarch64-linux-gnu/bin/../aarch64-linux-gnu/libc/usr/lib/crtn.o]
  collapse obj [/home/niu/work/lib/gcc-linaro-6.5.0-2018.12-x86_64_aarch64-linux-gnu/bin/../aarch64-linux-gnu/libc/usr/lib/crt1.o] ==> [/home/niu/work/lib/gcc-linaro-6.5.0-2018.12-x86_64_aarch64-linux-gnu/aarch64-linux-gnu/libc/usr/lib/crt1.o]
  collapse obj [/home/niu/work/lib/gcc-linaro-6.5.0-2018.12-x86_64_aarch64-linux-gnu/bin/../aarch64-linux-gnu/libc/usr/lib/crti.o] ==> [/home/niu/work/lib/gcc-linaro-6.5.0-2018.12-x86_64_aarch64-linux-gnu/aarch64-linux-gnu/libc/usr/lib/crti.o]
  collapse obj [/home/niu/work/lib/gcc-linaro-6.5.0-2018.12-x86_64_aarch64-linux-gnu/bin/../lib/gcc/aarch64-linux-gnu/6.5.0/crtbegin.o] ==> [/home/niu/work/lib/gcc-linaro-6.5.0-2018.12-x86_64_aarch64-linux-gnu/lib/gcc/aarch64-linux-gnu/6.5.0/crtbegin.o]
  collapse obj [/home/niu/work/lib/gcc-linaro-6.5.0-2018.12-x86_64_aarch64-linux-gnu/bin/../lib/gcc/aarch64-linux-gnu/6.5.0/crtend.o] ==> [/home/niu/work/lib/gcc-linaro-6.5.0-2018.12-x86_64_aarch64-linux-gnu/lib/gcc/aarch64-linux-gnu/6.5.0/crtend.o]
  collapse obj [/home/niu/work/lib/gcc-linaro-6.5.0-2018.12-x86_64_aarch64-linux-gnu/bin/../aarch64-linux-gnu/libc/usr/lib/crtn.o] ==> [/home/niu/work/lib/gcc-linaro-6.5.0-2018.12-x86_64_aarch64-linux-gnu/aarch64-linux-gnu/libc/usr/lib/crtn.o]
  collapse library dir [/home/niu/work/lib/gcc-linaro-6.5.0-2018.12-x86_64_aarch64-linux-gnu/bin/../lib/gcc/aarch64-linux-gnu/6.5.0] ==> [/home/niu/work/lib/gcc-linaro-6.5.0-2018.12-x86_64_aarch64-linux-gnu/lib/gcc/aarch64-linux-gnu/6.5.0]
  collapse library dir [/home/niu/work/lib/gcc-linaro-6.5.0-2018.12-x86_64_aarch64-linux-gnu/bin/../lib/gcc/aarch64-linux-gnu] ==> [/home/niu/work/lib/gcc-linaro-6.5.0-2018.12-x86_64_aarch64-linux-gnu/lib/gcc/aarch64-linux-gnu]
  collapse library dir [/home/niu/work/lib/gcc-linaro-6.5.0-2018.12-x86_64_aarch64-linux-gnu/bin/../lib/gcc] ==> [/home/niu/work/lib/gcc-linaro-6.5.0-2018.12-x86_64_aarch64-linux-gnu/lib/gcc]
  collapse library dir [/home/niu/work/lib/gcc-linaro-6.5.0-2018.12-x86_64_aarch64-linux-gnu/bin/../lib/gcc/aarch64-linux-gnu/6.5.0/../../../../aarch64-linux-gnu/lib/../lib64] ==> [/home/niu/work/lib/gcc-linaro-6.5.0-2018.12-x86_64_aarch64-linux-gnu/aarch64-linux-gnu/lib64]
  collapse library dir [/home/niu/work/lib/gcc-linaro-6.5.0-2018.12-x86_64_aarch64-linux-gnu/bin/../lib/gcc/aarch64-linux-gnu/6.5.0/../../../../aarch64-linux-gnu/lib] ==> [/home/niu/work/lib/gcc-linaro-6.5.0-2018.12-x86_64_aarch64-linux-gnu/aarch64-linux-gnu/lib]
  collapse library dir [/home/niu/work/lib/gcc-linaro-6.5.0-2018.12-x86_64_aarch64-linux-gnu/bin/../aarch64-linux-gnu/libc/lib] ==> [/home/niu/work/lib/gcc-linaro-6.5.0-2018.12-x86_64_aarch64-linux-gnu/aarch64-linux-gnu/libc/lib]
  collapse library dir [/home/niu/work/lib/gcc-linaro-6.5.0-2018.12-x86_64_aarch64-linux-gnu/bin/../aarch64-linux-gnu/libc/usr/lib] ==> [/home/niu/work/lib/gcc-linaro-6.5.0-2018.12-x86_64_aarch64-linux-gnu/aarch64-linux-gnu/libc/usr/lib]
  implicit libs: [stdc++;m;gcc_s;gcc;c;gcc_s;gcc]
  implicit objs: [/home/niu/work/lib/gcc-linaro-6.5.0-2018.12-x86_64_aarch64-linux-gnu/aarch64-linux-gnu/libc/usr/lib/crt1.o;/home/niu/work/lib/gcc-linaro-6.5.0-2018.12-x86_64_aarch64-linux-gnu/aarch64-linux-gnu/libc/usr/lib/crti.o;/home/niu/work/lib/gcc-linaro-6.5.0-2018.12-x86_64_aarch64-linux-gnu/lib/gcc/aarch64-linux-gnu/6.5.0/crtbegin.o;/home/niu/work/lib/gcc-linaro-6.5.0-2018.12-x86_64_aarch64-linux-gnu/lib/gcc/aarch64-linux-gnu/6.5.0/crtend.o;/home/niu/work/lib/gcc-linaro-6.5.0-2018.12-x86_64_aarch64-linux-gnu/aarch64-linux-gnu/libc/usr/lib/crtn.o]
  implicit dirs: [/home/niu/work/lib/gcc-linaro-6.5.0-2018.12-x86_64_aarch64-linux-gnu/lib/gcc/aarch64-linux-gnu/6.5.0;/home/niu/work/lib/gcc-linaro-6.5.0-2018.12-x86_64_aarch64-linux-gnu/lib/gcc/aarch64-linux-gnu;/home/niu/work/lib/gcc-linaro-6.5.0-2018.12-x86_64_aarch64-linux-gnu/lib/gcc;/home/niu/work/lib/gcc-linaro-6.5.0-2018.12-x86_64_aarch64-linux-gnu/aarch64-linux-gnu/lib64;/home/niu/work/lib/gcc-linaro-6.5.0-2018.12-x86_64_aarch64-linux-gnu/aarch64-linux-gnu/lib;/home/niu/work/lib/gcc-linaro-6.5.0-2018.12-x86_64_aarch64-linux-gnu/aarch64-linux-gnu/libc/lib;/home/niu/work/lib/gcc-linaro-6.5.0-2018.12-x86_64_aarch64-linux-gnu/aarch64-linux-gnu/libc/usr/lib]
  implicit fwks: []


